#
# A fatal error has been detected by the Java Runtime Environment:
#
#  Internal Error (jvmciRuntime.cpp:1609), pid=32, tid=48
#  fatal error: Fatal exception in JVMCI: Error calling jdk.vm.ci.services.Services.serializeSavedProperties
#
# JRE version: OpenJDK Runtime Environment GraalVM CE 22.3.0 (17.0.5+8) (build 17.0.5+8-jvmci-22.3-b08)
# Java VM: OpenJDK 64-Bit Server VM GraalVM CE 22.3.0 (17.0.5+8-jvmci-22.3-b08, mixed mode, sharing, tiered, jvmci, jvmci compiler, compressed oops, compressed class ptrs, parallel gc, linux-amd64)
# Problematic frame:
# V  [libjvm.so+0x972714]  JVMCIRuntime::fatal_exception(JVMCIEnv*, char const*)+0x74
#
# Core dump will be written. Default location: Core dumps may be processed with "/usr/share/apport/apport -p%p -s%s -c%c -d%d -P%P -u%u -g%g -- %E" (or dumping to /home/runner/AnoTo/core.32)
#
# If you would like to submit a bug report, please visit:
#   https://github.com/oracle/graal/issues
#

---------------  S U M M A R Y ------------

Command Line: -XX:ThreadPriorityPolicy=1 -XX:+UnlockExperimentalVMOptions -XX:+EnableJVMCIProduct -XX:JVMCIThreadsPerNativeLibraryRuntime=1 -XX:-UnlockExperimentalVMOptions -Declipse.application=org.eclipse.jdt.ls.core.id1 -Dosgi.bundles.defaultStartLevel=4 -Declipse.product=org.eclipse.jdt.ls.core.product -Dlog.level=ALL -Xverify:none -XX:+UseParallelGC -XX:GCTimeRatio=4 -XX:AdaptiveSizePolicyWeight=90 -Dsun.zip.disableMemoryMapping=true -Xmx512m -Xms100m /nix/store/a7s9klvriqi68xz3qjc0qyfl5h86xc16-jdt-language-server-1.9.0/share/java/plugins/org.eclipse.equinox.launcher_1.6.400.v20210924-0641.jar --add-modules=ALL-SYSTEM --add-opens java.base/java.util=ALL-UNNAMED --add-opens java.base/java.lang=ALL-UNNAMED -configuration /home/runner/.cache/jdt-language-server/config -data /home/runner/.cache/jdt-language-server/data/home/runner/AnoTo

Host: AMD EPYC 7B12, 8 cores, 1G, Ubuntu 20.04.2 LTS
Time: Fri Sep 22 00:40:16 2023 UTC elapsed time: 1154.246758 seconds (0d 0h 19m 14s)

---------------  T H R E A D  ---------------

Current thread (0x00007fc3f80b1ce0):  JavaThread "JVMCI-native CompilerThread0" daemon [_thread_in_vm, id=48, stack(0x00007fc3dd918000,0x00007fc3ddb18000)]


Current CompileTask:
JVMCI-native:1154246 8484 %     4       org.eclipse.jdt.internal.core.index.DiskIndex::copyQueryResults @ 21 (218 bytes)

Stack: [0x00007fc3dd918000,0x00007fc3ddb18000],  sp=0x00007fc3ddb16380,  free space=2040k
Native frames: (J=compiled Java code, j=interpreted, Vv=VM code, C=native code)
V  [libjvm.so+0x972714]  JVMCIRuntime::fatal_exception(JVMCIEnv*, char const*)+0x74
V  [libjvm.so+0x93e2fe]  JVMCIEnv::copy_saved_properties()+0x14e
V  [libjvm.so+0x9732a9]  JVMCIRuntime::initialize(JVMCIEnv*)+0xb19
V  [libjvm.so+0x9738a2]  JVMCIRuntime::get_HotSpotJVMCIRuntime(JVMCIEnv*)+0x12
V  [libjvm.so+0x9749f2]  JVMCIRuntime::compile_method(JVMCIEnv*, JVMCICompiler*, methodHandle const&, int)+0xd2
V  [libjvm.so+0x5b0d20]  CompileBroker::invoke_compiler_on_method(CompileTask*)+0x1470
V  [libjvm.so+0x5b12e8]  CompileBroker::compiler_thread_loop()+0x528
V  [libjvm.so+0xd82460]  JavaThread::thread_main_inner()+0xd0
V  [libjvm.so+0xd85a40]  Thread::call_run()+0xc0
V  [libjvm.so+0xbdb1e1]  thread_native_entry(Thread*)+0xe1

Register to memory mapping:

RAX=0x00007fc3fd582000 points into unknown readable memory: 0x0000000000000058 | 58 00 00 00 00 00 00 00
RBX=0x00007fc3fe67d398: <offset 0x0000000000ef5398> in /nix/store/gpxl5qgg8kicmcvivwmybwjlpf7wh20l-graalvm17-ce-22.3.0/lib/server/libjvm.so at 0x00007fc3fd788000
RCX=0x00007fc3fe6351e8: <offset 0x0000000000ead1e8> in /nix/store/gpxl5qgg8kicmcvivwmybwjlpf7wh20l-graalvm17-ce-22.3.0/lib/server/libjvm.so at 0x00007fc3fd788000
RDX=0x0000000000000649 is an unknown value
RSP=0x00007fc3ddb16380 is pointing into the stack for thread: 0x00007fc3f80b1ce0
RBP=0x00007fc3ddb163a0 is pointing into the stack for thread: 0x00007fc3f80b1ce0
RSI=0x00007fc3fe67dc48: <offset 0x0000000000ef5c48> in /nix/store/gpxl5qgg8kicmcvivwmybwjlpf7wh20l-graalvm17-ce-22.3.0/lib/server/libjvm.so at 0x00007fc3fd788000
RDI=0x00000000e0000000 is an oop: java.security.AccessControlContext 
{0x00000000e0000000} - klass: 'java/security/AccessControlContext'
 - ---- fields (total size 5 words):
 - private 'isPrivileged' 'Z' @12  true
 - private 'isAuthorized' 'Z' @13  true
 - private 'isWrapped' 'Z' @14  false
 - private 'isLimited' 'Z' @15  false
 - private 'context' '[Ljava/security/ProtectionDomain;' @16  a 'java/security/ProtectionDomain'[1] {0x00000000e0000028} (e0000028)
 - private 'privilegedContext' 'Ljava/security/AccessControlContext;' @20  NULL (0)
 - private 'combiner' 'Ljava/security/DomainCombiner;' @24  NULL (0)
 - private 'permissions' '[Ljava/security/Permission;' @28  NULL (0)
 - private 'parent' 'Ljava/security/AccessControlContext;' @32  NULL (0)
 - private 'limitedContext' '[Ljava/security/ProtectionDomain;' @36  NULL (0)
R8 =0x00007fc3fe67d398: <offset 0x0000000000ef5398> in /nix/store/gpxl5qgg8kicmcvivwmybwjlpf7wh20l-graalvm17-ce-22.3.0/lib/server/libjvm.so at 0x00007fc3fd788000
R9 =0x00007fc3ddb16330 is pointing into the stack for thread: 0x00007fc3f80b1ce0
R10=0x00007fc3ddb17948 is pointing into the stack for thread: 0x00007fc3f80b1ce0
R11=0x0000000000000293 is an unknown value
R12=0x0 is NULL
R13=0x00007fc3f80b1ce0 is a thread
R14=0x00007fc3f8000b80 points into unknown readable memory: 0x00007fc3fe8aea38 | 38 ea 8a fe c3 7f 00 00
R15=0x00007fc3fe9bce40: <offset 0x0000000001234e40> in /nix/store/gpxl5qgg8kicmcvivwmybwjlpf7wh20l-graalvm17-ce-22.3.0/lib/server/libjvm.so at 0x00007fc3fd788000


Registers:
RAX=0x00007fc3fd582000, RBX=0x00007fc3fe67d398, RCX=0x00007fc3fe6351e8, RDX=0x0000000000000649
RSP=0x00007fc3ddb16380, RBP=0x00007fc3ddb163a0, RSI=0x00007fc3fe67dc48, RDI=0x00000000e0000000
R8 =0x00007fc3fe67d398, R9 =0x00007fc3ddb16330, R10=0x00007fc3ddb17948, R11=0x0000000000000293
R12=0x0000000000000000, R13=0x00007fc3f80b1ce0, R14=0x00007fc3f8000b80, R15=0x00007fc3fe9bce40
RIP=0x00007fc3fe0fa714, EFLAGS=0x0000000000010206, CSGSFS=0x002b000000000033, ERR=0x0000000000000006
  TRAPNO=0x000000000000000e

Top of Stack: (sp=0x00007fc3ddb16380)
0x00007fc3ddb16380:   00007fc3ddb16940 00007fc3f80b1ce0
0x00007fc3ddb16390:   00007fc3fc0138c8 0000000800c417a0
0x00007fc3ddb163a0:   00007fc3ddb16500 00007fc3fe0c62fe
0x00007fc3ddb163b0:   00007fc3ddb163e0 00007fc3ddb16440 

Instructions: (pc=0x00007fc3fe0fa714)
0x00007fc3fe0fa614:   30 e8 f6 cf e8 ff 4c 89 e7 e8 2e 48 d1 ff 84 db
0x00007fc3fe0fa624:   75 2a 4d 85 ed 74 04 4d 8b 6d 00 48 83 c4 08 44
0x00007fc3fe0fa634:   89 f9 4c 89 f2 4c 89 ee 5b 4c 89 e7 41 5c 41 5d
0x00007fc3fe0fa644:   41 5e 41 5f 5d e9 e2 47 d1 ff 66 90 48 83 c4 08
0x00007fc3fe0fa654:   5b 41 5c 41 5d 41 5e 41 5f 5d c3 90 31 d2 be 08
0x00007fc3fe0fa664:   00 00 00 4c 89 ff e8 b1 78 a3 ff 49 89 c5 e9 37
0x00007fc3fe0fa674:   ff ff ff 66 0f 1f 84 00 00 00 00 00 48 8b 7a 08
0x00007fc3fe0fa684:   e9 6d ff ff ff 0f 1f 80 00 00 00 00 e8 5b 48 0a
0x00007fc3fe0fa694:   00 84 c0 75 89 e9 6a ff ff ff 66 90 55 48 89 e5
0x00007fc3fe0fa6a4:   41 56 41 55 41 54 49 89 fc 53 48 89 f3 66 48 8d
0x00007fc3fe0fa6b4:   3d 27 5e 85 00 66 66 48 e8 df 43 8d ff 4c 8b 28
0x00007fc3fe0fa6c4:   8b 05 be 72 8a 00 85 c0 75 14 ba 01 00 00 00 48
0x00007fc3fe0fa6d4:   8d 0d ae 72 8a 00 f0 0f b1 11 85 c0 74 4e be c8
0x00007fc3fe0fa6e4:   00 00 00 4c 89 ef e8 01 0b 41 00 48 8d 05 12 ac
0x00007fc3fe0fa6f4:   85 00 49 89 d8 48 8d 0d e8 aa 53 00 ba 49 06 00
0x00007fc3fe0fa704:   00 48 8d 35 3c 35 58 00 bf 00 00 00 e0 48 8b 00
0x00007fc3fe0fa714:   c6 00 58 31 c0 e8 e2 91 c6 ff 5b 41 5c 41 5d 41
0x00007fc3fe0fa724:   5e 5d e9 55 34 26 00 0f 1f 44 00 00 48 8d 05 81
0x00007fc3fe0fa734:   a3 8b 00 48 89 df 4c 8b 30 e8 9e 43 8d ff 48 89
0x00007fc3fe0fa744:   de 48 89 c2 49 8b 06 4c 89 f7 ff 50 08 4c 89 f7
0x00007fc3fe0fa754:   e8 a7 5c 27 00 4d 85 e4 74 12 be 01 00 00 00 4c
0x00007fc3fe0fa764:   89 e7 e8 35 43 fc ff eb 82 0f 1f 00 be 01 00 00
0x00007fc3fe0fa774:   00 4c 89 ef e8 d3 fd ff ff e9 6d ff ff ff 66 66
0x00007fc3fe0fa784:   2e 0f 1f 84 00 00 00 00 00 0f 1f 00 55 48 89 e5
0x00007fc3fe0fa794:   41 57 41 56 41 55 41 54 53 48 81 ec 08 02 00 00
0x00007fc3fe0fa7a4:   64 48 8b 04 25 28 00 00 00 48 89 45 c8 8b 07 83
0x00007fc3fe0fa7b4:   f8 02 0f 84 11 04 00 00 4c 8b 6f 18 49 89 ff 49
0x00007fc3fe0fa7c4:   89 f4 4d 85 ed 74 14 4c 89 ef e8 5d 57 22 00 41
0x00007fc3fe0fa7d4:   8b 07 83 f8 02 0f 84 19 04 00 00 48 8d 1d 9a 06
0x00007fc3fe0fa7e4:   8a 00 4c 8d 35 0b 3c 58 00 eb 38 90 48 85 d2 7f
0x00007fc3fe0fa7f4:   0d 48 8d 05 b4 c0 85 00 48 83 38 00 7e 0e 41 8b
0x00007fc3fe0fa804:   77 2c 4c 89 f7 31 c0 e8 a0 b2 f7 ff 49 8b 7f 18 


Stack slot to memory mapping:
stack at sp + 0 slots: 0x00007fc3ddb16940 is pointing into the stack for thread: 0x00007fc3f80b1ce0
stack at sp + 1 slots: 0x00007fc3f80b1ce0 is a thread
stack at sp + 2 slots: 0x00007fc3fc0138c8 points into unknown readable memory: 0x6573001880c9ffff | ff ff c9 80 18 00 73 65
stack at sp + 3 slots: 0x0000000800c417a0 is a pointer to class: 
jdk.vm.ci.services.Services {0x0000000800c417a0}
 - instance size:     2
 - klass size:        65
 - access:            public final synchronized 
 - state:             fully_initialized
 - name:              'jdk/vm/ci/services/Services'
 - super:             'java/lang/Object'
 - sub:               
 - arrays:            NULL
 - methods:           Array<T>(0x00007fc3de441ef0)
 - method ordering:   Array<T>(0x0000000800928960)
 - default_methods:   Array<T>(0x0000000000000000)
 - local interfaces:  Array<T>(0x00000008005ce810)
 - trans. interfaces: Array<T>(0x00000008005ce810)
 - constants:         constant pool [427] {0x00007fc3de440fd0} for 'jdk/vm/ci/services/Services' cache=0x00007fc3de4431c0
 - class loader data:  loader data: 0x00007fc3f8027ca0 of 'bootstrap'
 - source file:       'Services.java'
 - class annotations:       Array<T>(0x0000000000000000)
 - class type annotations:  Array<T>(0x0000000000000000)
 - field annotations:       Array<T>(0x0000000000000000)
 - field type annotations:  Array<T>(0x0000000000000000)
 - inner classes:     Array<T>(0x00007fc3de443190)
 - nest members:     Array<T>(0x00007fc3de4431b0)
 - permitted subclasses:     Array<T>(0x00000008005ce7a0)
 - java mirror:       a 'java/lang/Class'{0x00000000e0176c60} = 'jdk/vm/ci/services/Services'
 - vtable length      5  (start addr: 0x0000000800c41970)
 - itable length      2 (start addr: 0x0000000800c41998)
 - ---- static fields (3 words):
 - public static final 'IS_BUILDING_NATIVE_IMAGE' 'Z' @128 
 - public static final 'IS_IN_NATIVE_IMAGE' 'Z' @129 
 - private static volatile 'savedProperties' 'Ljava/util/Map;' @112 
 - static final 'JVMCI_ENABLED' 'Z' @130 
 - private static final 'servicesCache' 'Ljava/util/Map;' @116 
 - private static final 'MAX_UNICODE_IN_UTF8_LENGTH' 'I' @120 
 - private static final 'MAX_UTF8_PROPERTY_STRING_LENGTH' 'I' @124 
 - ---- non-static fields (0 words):
 - non-static oop maps: 
stack at sp + 4 slots: 0x00007fc3ddb16500 is pointing into the stack for thread: 0x00007fc3f80b1ce0
stack at sp + 5 slots: 0x00007fc3fe0c62fe: <offset 0x000000000093e2fe> in /nix/store/gpxl5qgg8kicmcvivwmybwjlpf7wh20l-graalvm17-ce-22.3.0/lib/server/libjvm.so at 0x00007fc3fd788000
stack at sp + 6 slots: 0x00007fc3ddb163e0 is pointing into the stack for thread: 0x00007fc3f80b1ce0
stack at sp + 7 slots: 0x00007fc3ddb16440 is pointing into the stack for thread: 0x00007fc3f80b1ce0


---------------  P R O C E S S  ---------------

Threads class SMR info:
_java_thread_list=0x00007fc340000b70, length=26, elements={
0x00007fc3f8025f40, 0x00007fc3f80a5fb0, 0x00007fc3f80a73f0, 0x00007fc3f80adb50,
0x00007fc3f80aef00, 0x00007fc3f80b02f0, 0x00007fc3f80b1ce0, 0x00007fc3f80b31f0,
0x00007fc3f80b4640, 0x00007fc3f80d7870, 0x00007fc3f811f020, 0x00007fc3f832ae60,
0x00007fc3f835eb10, 0x00007fc3f8360ac0, 0x00007fc3f838cd70, 0x00007fc38c01a760,
0x00007fc38c2a25e0, 0x00007fc38c302550, 0x00007fc38c47f3d0, 0x00007fc38c5ef2d0,
0x00007fc3f848f710, 0x00007fc380007530, 0x00007fc3f81edae0, 0x00007fc364102000,
0x00007fc358014450, 0x00007fc364001130
}

Java Threads: ( => current thread )
  0x00007fc3f8025f40 JavaThread "main" [_thread_blocked, id=40, stack(0x00007fc3fd5a3000,0x00007fc3fd6a3000)]
  0x00007fc3f80a5fb0 JavaThread "Reference Handler" daemon [_thread_blocked, id=43, stack(0x00007fc3de1fe000,0x00007fc3de2fe000)]
  0x00007fc3f80a73f0 JavaThread "Finalizer" daemon [_thread_blocked, id=44, stack(0x00007fc3de0fe000,0x00007fc3de1fe000)]
  0x00007fc3f80adb50 JavaThread "Signal Dispatcher" daemon [_thread_blocked, id=45, stack(0x00007fc3ddd18000,0x00007fc3dde18000)]
  0x00007fc3f80aef00 JavaThread "Service Thread" daemon [_thread_blocked, id=46, stack(0x00007fc3ddc18000,0x00007fc3ddd18000)]
  0x00007fc3f80b02f0 JavaThread "Monitor Deflation Thread" daemon [_thread_blocked, id=47, stack(0x00007fc3ddb18000,0x00007fc3ddc18000)]
=>0x00007fc3f80b1ce0 JavaThread "JVMCI-native CompilerThread0" daemon [_thread_in_vm, id=48, stack(0x00007fc3dd918000,0x00007fc3ddb18000)]
  0x00007fc3f80b31f0 JavaThread "C1 CompilerThread0" daemon [_thread_blocked, id=49, stack(0x00007fc3dd718000,0x00007fc3dd918000)]
  0x00007fc3f80b4640 JavaThread "Sweeper thread" daemon [_thread_blocked, id=50, stack(0x00007fc3dd618000,0x00007fc3dd718000)]
  0x00007fc3f80d7870 JavaThread "Common-Cleaner" daemon [_thread_blocked, id=52, stack(0x00007fc3dd518000,0x00007fc3dd618000)]
  0x00007fc3f811f020 JavaThread "Notification Thread" daemon [_thread_blocked, id=59, stack(0x00007fc3dd418000,0x00007fc3dd518000)]
  0x00007fc3f832ae60 JavaThread "Active Thread: Equinox Container: 556dbe86-0eef-4d8e-9859-26b0724b946f" [_thread_blocked, id=74, stack(0x00007fc3dc000000,0x00007fc3dc100000)]
  0x00007fc3f835eb10 JavaThread "Framework Event Dispatcher: Equinox Container: 556dbe86-0eef-4d8e-9859-26b0724b946f" daemon [_thread_blocked, id=75, stack(0x00007fc3a5b00000,0x00007fc3a5c00000)]
  0x00007fc3f8360ac0 JavaThread "Start Level: Equinox Container: 556dbe86-0eef-4d8e-9859-26b0724b946f" daemon [_thread_blocked, id=76, stack(0x00007fc3a5900000,0x00007fc3a5a00000)]
  0x00007fc3f838cd70 JavaThread "Refresh Thread: Equinox Container: 556dbe86-0eef-4d8e-9859-26b0724b946f" daemon [_thread_blocked, id=90, stack(0x00007fc3a5700000,0x00007fc3a5800000)]
  0x00007fc38c01a760 JavaThread "SCR Component Actor" daemon [_thread_blocked, id=91, stack(0x00007fc3a5500000,0x00007fc3a5600000)]
  0x00007fc38c2a25e0 JavaThread "Worker-JM" [_thread_blocked, id=103, stack(0x00007fc3a5200000,0x00007fc3a5300000)]
  0x00007fc38c302550 JavaThread "Worker-0: Java indexing... " [_thread_blocked, id=104, stack(0x00007fc3a5100000,0x00007fc3a5200000)]
  0x00007fc38c47f3d0 JavaThread "Java indexing" daemon [_thread_blocked, id=107, stack(0x00007fc3a4d00000,0x00007fc3a4e00000)]
  0x00007fc38c5ef2d0 JavaThread "Bundle File Closer" daemon [_thread_blocked, id=123, stack(0x00007fc3a4b00000,0x00007fc3a4c00000)]
  0x00007fc3f848f710 JavaThread "pool-3-thread-1" [_thread_blocked, id=125, stack(0x00007fc3a4900000,0x00007fc3a4a00000)]
  0x00007fc380007530 JavaThread "Worker-2: Compacting resource model" [_thread_blocked, id=127, stack(0x00007fc3a4700000,0x00007fc3a4800000)]
  0x00007fc3f81edae0 JavaThread "pool-2-thread-1" [_thread_blocked, id=136, stack(0x00007fc3a5300000,0x00007fc3a5400000)]
  0x00007fc364102000 JavaThread "Worker-5" [_thread_blocked, id=210, stack(0x00007fc3a4100000,0x00007fc3a4200000)]
  0x00007fc358014450 JavaThread "Worker-6: Publish Diagnostics" [_thread_blocked, id=844, stack(0x00007fc3a4500000,0x00007fc3a4600000)]
  0x00007fc364001130 JavaThread "Worker-7" [_thread_blocked, id=1325, stack(0x00007fc3a4300000,0x00007fc3a4400000)]

Other Threads:
  0x00007fc3f80a16f0 VMThread "VM Thread" [stack: 0x00007fc3de300000,0x00007fc3de400000] [id=42] _threads_hazard_ptr=0x00007fc340000b70
  0x00007fc3f81209c0 WatcherThread [stack: 0x00007fc3dd318000,0x00007fc3dd418000] [id=60]
  0x00007fc3f803d850 GCTaskThread "GC Thread#0" [stack: 0x00007fc3fd166000,0x00007fc3fd266000] [id=41]

Threads with active compile tasks:
JVMCI-native CompilerThread0  1154308 8484 %     4       org.eclipse.jdt.internal.core.index.DiskIndex::copyQueryResults @ 21 (218 bytes)

VM state: synchronizing (normal execution)

VM Mutex/Monitor currently owned by a thread:  ([mutex/lock_event])
[0x00007fc3f80230f0] Threads_lock - owner thread: 0x00007fc3f80a16f0
[0x00007fc3f80238a0] Heap_lock - owner thread: 0x00007fc38c302550

OutOfMemory and StackOverflow Exception counts:
OutOfMemoryError java_heap_errors=3
LinkageErrors=62

Heap address: 0x00000000e0000000, size: 512 MB, Compressed Oops mode: 32-bit

CDS archive(s) mapped at: [0x0000000800000000-0x0000000800bc8000-0x0000000800bc8000), size 12353536, SharedBaseAddress: 0x0000000800000000, ArchiveRelocationMode: 0.
Compressed class space mapped at: 0x0000000800c00000-0x0000000840c00000, reserved size: 1073741824
Narrow klass base: 0x0000000800000000, Narrow klass shift: 0, Narrow klass range: 0x100000000

GC Precious Log:
 CPUs: 8 total, 1 available
 Memory: 1024M
 Large Page Support: Disabled
 NUMA Support: Disabled
 Compressed Oops: Enabled (32-bit)
 Alignments: Space 512K, Generation 512K, Heap 2M
 Heap Min Capacity: 100M
 Heap Initial Capacity: 100M
 Heap Max Capacity: 512M
 Pre-touch: Disabled
 Parallel Workers: 1

Heap:
 PSYoungGen      total 63488K, used 43970K [0x00000000f5580000, 0x00000000fac00000, 0x0000000100000000)
  eden space 39424K, 99% used [0x00000000f5580000,0x00000000f7bffff8,0x00000000f7c00000)
  from space 24064K, 18% used [0x00000000f9380000,0x00000000f97f08a0,0x00000000fab00000)
  to   space 24064K, 0% used [0x00000000f7c00000,0x00000000f7c00000,0x00000000f9380000)
 ParOldGen       total 349696K, used 349695K [0x00000000e0000000, 0x00000000f5580000, 0x00000000f5580000)
  object space 349696K, 99% used [0x00000000e0000000,0x00000000f557fff8,0x00000000f5580000)
 Metaspace       used 56204K, committed 57088K, reserved 1105920K
  class space    used 5565K, committed 5952K, reserved 1048576K

Card table byte_map: [0x00007fc3fd266000,0x00007fc3fd367000] _byte_map_base: 0x00007fc3fcb66000

Marking Bits: (ParMarkBitMap*) 0x00007fc3fe9b64c0
 Begin Bits: [0x00007fc3fc0b9000, 0x00007fc3fc8b9000)
 End Bits:   [0x00007fc3fc8b9000, 0x00007fc3fd0b9000)

Polling page: 0x00007fc3fd580000

Metaspace:

Usage:
  Non-class:     49.45 MB used.
      Class:      5.44 MB used.
       Both:     54.89 MB used.

Virtual space:
  Non-class space:       56.00 MB reserved,      49.94 MB ( 89%) committed,  7 nodes.
      Class space:        1.00 GB reserved,       5.81 MB ( <1%) committed,  1 nodes.
             Both:        1.05 GB reserved,      55.75 MB (  5%) committed. 

Chunk freelists:
   Non-Class:  1.60 MB
       Class:  2.19 MB
        Both:  3.79 MB

MaxMetaspaceSize: unlimited
CompressedClassSpaceSize: 1.00 GB
Initial GC threshold: 21.00 MB
Current GC threshold: 92.75 MB
CDS: on
MetaspaceReclaimPolicy: balanced
 - commit_granule_bytes: 65536.
 - commit_granule_words: 8192.
 - virtual_space_node_default_size: 1048576.
 - enlarge_chunks_in_place: 1.
 - new_chunks_are_fully_committed: 0.
 - uncommit_free_chunks: 1.
 - use_allocation_guard: 0.
 - handle_deallocations: 1.


Internal statistics:

num_allocs_failed_limit: 6.
num_arena_births: 478.
num_arena_deaths: 148.
num_vsnodes_births: 8.
num_vsnodes_deaths: 0.
num_space_committed: 891.
num_space_uncommitted: 0.
num_chunks_returned_to_freelist: 208.
num_chunks_taken_from_freelist: 2642.
num_chunk_merges: 87.
num_chunk_splits: 1723.
num_chunks_enlarged: 1101.
num_purges: 16.
num_inconsistent_stats: 0.

CodeHeap 'non-profiled nmethods': size=120036Kb used=2566Kb max_used=2566Kb free=117469Kb
 bounds [0x00007fc3e6f7a000, 0x00007fc3e720a000, 0x00007fc3ee4b3000]
CodeHeap 'profiled nmethods': size=120032Kb used=13251Kb max_used=15574Kb free=106780Kb
 bounds [0x00007fc3dfa42000, 0x00007fc3e0982000, 0x00007fc3e6f7a000]
CodeHeap 'non-nmethods': size=5692Kb used=1380Kb max_used=1387Kb free=4311Kb
 bounds [0x00007fc3df4b3000, 0x00007fc3df723000, 0x00007fc3dfa42000]
 total_blobs=7178 nmethods=6461 adapters=611
 compilation: enabled
              stopped_count=0, restarted_count=0
 full_count=0

JVMCI Events (20 events):
Event: 722.235 Thread 0x00007fc3f80b1ce0 destroyed JavaVM[6]@0x00007fc3a399e340 for JVMCI runtime 0
Event: 722.235 Thread 0x00007fc3f80b1ce0 compacted oop handles in JVMCI runtime 0 from 42 to 42
Event: 722.235 Thread 0x00007fc3f80b1ce0 releasing handles for JVMCI runtime 0: oop handles=42, metadata handles={total=87, live=76, blocks=43}
Event: 722.235 Thread 0x00007fc3f80b1ce0 detached from JVMCI runtime 0
Event: 820.885 Thread 0x00007fc3f80b1ce0 attached to JVMCI runtime 0
Event: 820.887 Thread 0x00007fc3f80b1ce0 created JavaVM[7]@0x00007fc3a399e340 for JVMCI runtime 0
Event: 820.887 Thread 0x00007fc3f80b1ce0 initializing JVMCI runtime 0
Event: 820.887 Thread 0x00007fc3f80b1ce0 done waiting for JavaVM references initialization in JVMCI runtime 0
Event: 850.290 Thread 0x00007fc3f80b1ce0 initialized JVMCI runtime 0
Event: 873.822 Thread 0x00007fc3f80b1ce0 detaching from JVMCI runtime 0: releasing idle compiler thread (0 other threads still attached)
Event: 873.822 Thread 0x00007fc3f80b1ce0 shutting down HotSpotJVMCIRuntime for JVMCI runtime 0
Event: 873.822 Thread 0x00007fc3f80b1ce0 shut down JVMCI runtime 0
Event: 873.824 Thread 0x00007fc3f80b1ce0 destroyed JavaVM[7]@0x00007fc3a399e340 for JVMCI runtime 0
Event: 873.824 Thread 0x00007fc3f80b1ce0 compacted oop handles in JVMCI runtime 0 from 55 to 55
Event: 873.824 Thread 0x00007fc3f80b1ce0 releasing handles for JVMCI runtime 0: oop handles=55, metadata handles={total=104, live=104, blocks=43}
Event: 873.824 Thread 0x00007fc3f80b1ce0 detached from JVMCI runtime 0
Event: 1136.490 Thread 0x00007fc3f80b1ce0 attached to JVMCI runtime 0
Event: 1136.494 Thread 0x00007fc3f80b1ce0 created JavaVM[8]@0x00007fc3a399e340 for JVMCI runtime 0
Event: 1136.494 Thread 0x00007fc3f80b1ce0 initializing JVMCI runtime 0
Event: 1136.494 Thread 0x00007fc3f80b1ce0 done waiting for JavaVM references initialization in JVMCI runtime 0

Compilation events (20 events):
Event: 706.219 Thread 0x00007fc3f80b31f0 8474       3       org.eclipse.jdt.internal.compiler.parser.ScannerHelper::toLowerCase (42 bytes)
Event: 706.220 Thread 0x00007fc3f80b31f0 nmethod 8474 0x00007fc3dfa51a90 code [0x00007fc3dfa51c80, 0x00007fc3dfa521f0]
Event: 716.354 Thread 0x00007fc3f80b1ce0 nmethod 8473 0x00007fc3e71fa690 code [0x00007fc3e71fa800, 0x00007fc3e71fa880]
Event: 814.808 Thread 0x00007fc3f80b31f0 8476       1       org.eclipse.jdt.internal.compiler.ast.AbstractMethodDeclaration::isClinit (2 bytes)
Event: 816.707 Thread 0x00007fc3f80b31f0 nmethod 8476 0x00007fc3e71fa990 code [0x00007fc3e71fab20, 0x00007fc3e71fabf0]
Event: 820.885 Thread 0x00007fc3f80b1ce0 8477       4       java.io.StringWriter::write (11 bytes)
Event: 856.218 Thread 0x00007fc3f80b31f0 8479   !   3       org.eclipse.core.internal.jobs.JobManager::changeState (548 bytes)
Event: 871.689 Thread 0x00007fc3f80b1ce0 nmethod 8477 0x00007fc3e71fac90 code [0x00007fc3e71fae40, 0x00007fc3e71fb400]
Event: 871.689 Thread 0x00007fc3f80b1ce0 8478       4       org.eclipse.core.runtime.jobs.Job::getState (5 bytes)
Event: 871.697 Thread 0x00007fc3f80b1ce0 nmethod 8478 0x00007fc3e71fb610 code [0x00007fc3e71fb780, 0x00007fc3e71fb810]
Event: 937.932 Thread 0x00007fc3f80b31f0 nmethod 8479 0x00007fc3e07f3a10 code [0x00007fc3e07f4020, 0x00007fc3e07f7f10]
Event: 937.932 Thread 0x00007fc3f80b31f0 8480       3       org.eclipse.core.internal.jobs.OrderedLock::setCurrentOperationThread (48 bytes)
Event: 937.932 Thread 0x00007fc3f80b31f0 nmethod 8480 0x00007fc3e0157a90 code [0x00007fc3e0157c60, 0x00007fc3e0157ef0]
Event: 937.932 Thread 0x00007fc3f80b31f0 8481       3       java.lang.StringBuffer::<init> (6 bytes)
Event: 937.932 Thread 0x00007fc3f80b31f0 nmethod 8481 0x00007fc3dfbb4a10 code [0x00007fc3dfbb4bc0, 0x00007fc3dfbb4d00]
Event: 953.306 Thread 0x00007fc3f80b31f0 8482       3       java.util.concurrent.ScheduledThreadPoolExecutor::canRunInCurrentRunState (61 bytes)
Event: 955.372 Thread 0x00007fc3f80b31f0 nmethod 8482 0x00007fc3e0268610 code [0x00007fc3e0268820, 0x00007fc3e02692c0]
Event: 1057.597 Thread 0x00007fc3f80b31f0 8483       3       org.eclipse.core.internal.jobs.DeadlockDetector::reduceGraph (509 bytes)
Event: 1061.320 Thread 0x00007fc3f80b31f0 nmethod 8483 0x00007fc3e0544310 code [0x00007fc3e0544680, 0x00007fc3e05475c0]
Event: 1136.490 Thread 0x00007fc3f80b1ce0 8484 %     4       org.eclipse.jdt.internal.core.index.DiskIndex::copyQueryResults @ 21 (218 bytes)

GC Heap History (20 events):
Event: 1134.516 GC heap before
{Heap before GC invocations=658 (full 534):
 PSYoungGen      total 63488K, used 43969K [0x00000000f5580000, 0x00000000fac00000, 0x0000000100000000)
  eden space 39424K, 99% used [0x00000000f5580000,0x00000000f7bfff30,0x00000000f7c00000)
  from space 24064K, 18% used [0x00000000f9380000,0x00000000f97f08a0,0x00000000fab00000)
  to   space 24064K, 0% used [0x00000000f7c00000,0x00000000f7c00000,0x00000000f9380000)
 ParOldGen       total 349696K, used 349695K [0x00000000e0000000, 0x00000000f5580000, 0x00000000f5580000)
  object space 349696K, 99% used [0x00000000e0000000,0x00000000f557fe78,0x00000000f5580000)
 Metaspace       used 56203K, committed 57088K, reserved 1105920K
  class space    used 5565K, committed 5952K, reserved 1048576K
}
Event: 1136.490 GC heap after
{Heap after GC invocations=658 (full 534):
 PSYoungGen      total 63488K, used 43969K [0x00000000f5580000, 0x00000000fac00000, 0x0000000100000000)
  eden space 39424K, 99% used [0x00000000f5580000,0x00000000f7bfff30,0x00000000f7c00000)
  from space 24064K, 18% used [0x00000000f9380000,0x00000000f97f08a0,0x00000000fab00000)
  to   space 24064K, 0% used [0x00000000f7c00000,0x00000000f7c00000,0x00000000f9380000)
 ParOldGen       total 349696K, used 349694K [0x00000000e0000000, 0x00000000f5580000, 0x00000000f5580000)
  object space 349696K, 99% used [0x00000000e0000000,0x00000000f557fba8,0x00000000f5580000)
 Metaspace       used 56203K, committed 57088K, reserved 1105920K
  class space    used 5565K, committed 5952K, reserved 1048576K
}
Event: 1136.495 GC heap before
{Heap before GC invocations=659 (full 535):
 PSYoungGen      total 63488K, used 43970K [0x00000000f5580000, 0x00000000fac00000, 0x0000000100000000)
  eden space 39424K, 99% used [0x00000000f5580000,0x00000000f7bffff8,0x00000000f7c00000)
  from space 24064K, 18% used [0x00000000f9380000,0x00000000f97f08a0,0x00000000fab00000)
  to   space 24064K, 0% used [0x00000000f7c00000,0x00000000f7c00000,0x00000000f9380000)
 ParOldGen       total 349696K, used 349695K [0x00000000e0000000, 0x00000000f5580000, 0x00000000f5580000)
  object space 349696K, 99% used [0x00000000e0000000,0x00000000f557fff8,0x00000000f5580000)
 Metaspace       used 56203K, committed 57088K, reserved 1105920K
  class space    used 5565K, committed 5952K, reserved 1048576K
}
Event: 1138.626 GC heap after
{Heap after GC invocations=659 (full 535):
 PSYoungGen      total 63488K, used 43969K [0x00000000f5580000, 0x00000000fac00000, 0x0000000100000000)
  eden space 39424K, 99% used [0x00000000f5580000,0x00000000f7bfff18,0x00000000f7c00000)
  from space 24064K, 18% used [0x00000000f9380000,0x00000000f97f08a0,0x00000000fab00000)
  to   space 24064K, 0% used [0x00000000f7c00000,0x00000000f7c00000,0x00000000f9380000)
 ParOldGen       total 349696K, used 349695K [0x00000000e0000000, 0x00000000f5580000, 0x00000000f5580000)
  object space 349696K, 99% used [0x00000000e0000000,0x00000000f557fe78,0x00000000f5580000)
 Metaspace       used 56203K, committed 57088K, reserved 1105920K
  class space    used 5565K, committed 5952K, reserved 1048576K
}
Event: 1138.627 GC heap before
{Heap before GC invocations=660 (full 536):
 PSYoungGen      total 63488K, used 43970K [0x00000000f5580000, 0x00000000fac00000, 0x0000000100000000)
  eden space 39424K, 99% used [0x00000000f5580000,0x00000000f7bffff0,0x00000000f7c00000)
  from space 24064K, 18% used [0x00000000f9380000,0x00000000f97f08a0,0x00000000fab00000)
  to   space 24064K, 0% used [0x00000000f7c00000,0x00000000f7c00000,0x00000000f9380000)
 ParOldGen       total 349696K, used 349695K [0x00000000e0000000, 0x00000000f5580000, 0x00000000f5580000)
  object space 349696K, 99% used [0x00000000e0000000,0x00000000f557fe78,0x00000000f5580000)
 Metaspace       used 56203K, committed 57088K, reserved 1105920K
  class space    used 5565K, committed 5952K, reserved 1048576K
}
Event: 1141.099 GC heap after
{Heap after GC invocations=660 (full 536):
 PSYoungGen      total 63488K, used 43970K [0x00000000f5580000, 0x00000000fac00000, 0x0000000100000000)
  eden space 39424K, 99% used [0x00000000f5580000,0x00000000f7bfffd0,0x00000000f7c00000)
  from space 24064K, 18% used [0x00000000f9380000,0x00000000f97f08a0,0x00000000fab00000)
  to   space 24064K, 0% used [0x00000000f7c00000,0x00000000f7c00000,0x00000000f9380000)
 ParOldGen       total 349696K, used 349695K [0x00000000e0000000, 0x00000000f5580000, 0x00000000f5580000)
  object space 349696K, 99% used [0x00000000e0000000,0x00000000f557fe58,0x00000000f5580000)
 Metaspace       used 56203K, committed 57088K, reserved 1105920K
  class space    used 5565K, committed 5952K, reserved 1048576K
}
Event: 1141.099 GC heap before
{Heap before GC invocations=661 (full 537):
 PSYoungGen      total 63488K, used 43970K [0x00000000f5580000, 0x00000000fac00000, 0x0000000100000000)
  eden space 39424K, 99% used [0x00000000f5580000,0x00000000f7bfffe8,0x00000000f7c00000)
  from space 24064K, 18% used [0x00000000f9380000,0x00000000f97f08a0,0x00000000fab00000)
  to   space 24064K, 0% used [0x00000000f7c00000,0x00000000f7c00000,0x00000000f9380000)
 ParOldGen       total 349696K, used 349695K [0x00000000e0000000, 0x00000000f5580000, 0x00000000f5580000)
  object space 349696K, 99% used [0x00000000e0000000,0x00000000f557fe58,0x00000000f5580000)
 Metaspace       used 56203K, committed 57088K, reserved 1105920K
  class space    used 5565K, committed 5952K, reserved 1048576K
}
Event: 1143.011 GC heap after
{Heap after GC invocations=661 (full 537):
 PSYoungGen      total 63488K, used 43970K [0x00000000f5580000, 0x00000000fac00000, 0x0000000100000000)
  eden space 39424K, 99% used [0x00000000f5580000,0x00000000f7bfffe8,0x00000000f7c00000)
  from space 24064K, 18% used [0x00000000f9380000,0x00000000f97f08a0,0x00000000fab00000)
  to   space 24064K, 0% used [0x00000000f7c00000,0x00000000f7c00000,0x00000000f9380000)
 ParOldGen       total 349696K, used 349695K [0x00000000e0000000, 0x00000000f5580000, 0x00000000f5580000)
  object space 349696K, 99% used [0x00000000e0000000,0x00000000f557fe58,0x00000000f5580000)
 Metaspace       used 56203K, committed 57088K, reserved 1105920K
  class space    used 5565K, committed 5952K, reserved 1048576K
}
Event: 1143.013 GC heap before
{Heap before GC invocations=662 (full 538):
 PSYoungGen      total 63488K, used 43970K [0x00000000f5580000, 0x00000000fac00000, 0x0000000100000000)
  eden space 39424K, 99% used [0x00000000f5580000,0x00000000f7bffff8,0x00000000f7c00000)
  from space 24064K, 18% used [0x00000000f9380000,0x00000000f97f08a0,0x00000000fab00000)
  to   space 24064K, 0% used [0x00000000f7c00000,0x00000000f7c00000,0x00000000f9380000)
 ParOldGen       total 349696K, used 349695K [0x00000000e0000000, 0x00000000f5580000, 0x00000000f5580000)
  object space 349696K, 99% used [0x00000000e0000000,0x00000000f557ffa0,0x00000000f5580000)
 Metaspace       used 56204K, committed 57088K, reserved 1105920K
  class space    used 5565K, committed 5952K, reserved 1048576K
}
Event: 1145.033 GC heap after
{Heap after GC invocations=662 (full 538):
 PSYoungGen      total 63488K, used 43970K [0x00000000f5580000, 0x00000000fac00000, 0x0000000100000000)
  eden space 39424K, 99% used [0x00000000f5580000,0x00000000f7bfff90,0x00000000f7c00000)
  from space 24064K, 18% used [0x00000000f9380000,0x00000000f97f08a0,0x00000000fab00000)
  to   space 24064K, 0% used [0x00000000f7c00000,0x00000000f7c00000,0x00000000f9380000)
 ParOldGen       total 349696K, used 349695K [0x00000000e0000000, 0x00000000f5580000, 0x00000000f5580000)
  object space 349696K, 99% used [0x00000000e0000000,0x00000000f557fe80,0x00000000f5580000)
 Metaspace       used 56204K, committed 57088K, reserved 1105920K
  class space    used 5565K, committed 5952K, reserved 1048576K
}
Event: 1145.033 GC heap before
{Heap before GC invocations=663 (full 539):
 PSYoungGen      total 63488K, used 43970K [0x00000000f5580000, 0x00000000fac00000, 0x0000000100000000)
  eden space 39424K, 100% used [0x00000000f5580000,0x00000000f7c00000,0x00000000f7c00000)
  from space 24064K, 18% used [0x00000000f9380000,0x00000000f97f08a0,0x00000000fab00000)
  to   space 24064K, 0% used [0x00000000f7c00000,0x00000000f7c00000,0x00000000f9380000)
 ParOldGen       total 349696K, used 349695K [0x00000000e0000000, 0x00000000f5580000, 0x00000000f5580000)
  object space 349696K, 99% used [0x00000000e0000000,0x00000000f557fe80,0x00000000f5580000)
 Metaspace       used 56204K, committed 57088K, reserved 1105920K
  class space    used 5565K, committed 5952K, reserved 1048576K
}
Event: 1146.936 GC heap after
{Heap after GC invocations=663 (full 539):
 PSYoungGen      total 63488K, used 43970K [0x00000000f5580000, 0x00000000fac00000, 0x0000000100000000)
  eden space 39424K, 100% used [0x00000000f5580000,0x00000000f7c00000,0x00000000f7c00000)
  from space 24064K, 18% used [0x00000000f9380000,0x00000000f97f08a0,0x00000000fab00000)
  to   space 24064K, 0% used [0x00000000f7c00000,0x00000000f7c00000,0x00000000f9380000)
 ParOldGen       total 349696K, used 349695K [0x00000000e0000000, 0x00000000f5580000, 0x00000000f5580000)
  object space 349696K, 99% used [0x00000000e0000000,0x00000000f557fe80,0x00000000f5580000)
 Metaspace       used 56204K, committed 57088K, reserved 1105920K
  class space    used 5565K, committed 5952K, reserved 1048576K
}
Event: 1146.940 GC heap before
{Heap before GC invocations=664 (full 540):
 PSYoungGen      total 63488K, used 43970K [0x00000000f5580000, 0x00000000fac00000, 0x0000000100000000)
  eden space 39424K, 100% used [0x00000000f5580000,0x00000000f7c00000,0x00000000f7c00000)
  from space 24064K, 18% used [0x00000000f9380000,0x00000000f97f08a0,0x00000000fab00000)
  to   space 24064K, 0% used [0x00000000f7c00000,0x00000000f7c00000,0x00000000f9380000)
 ParOldGen       total 349696K, used 349696K [0x00000000e0000000, 0x00000000f5580000, 0x00000000f5580000)
  object space 349696K, 100% used [0x00000000e0000000,0x00000000f5580000,0x00000000f5580000)
 Metaspace       used 56204K, committed 57088K, reserved 1105920K
  class space    used 5565K, committed 5952K, reserved 1048576K
}
Event: 1148.849 GC heap after
{Heap after GC invocations=664 (full 540):
 PSYoungGen      total 63488K, used 43970K [0x00000000f5580000, 0x00000000fac00000, 0x0000000100000000)
  eden space 39424K, 100% used [0x00000000f5580000,0x00000000f7c00000,0x00000000f7c00000)
  from space 24064K, 18% used [0x00000000f9380000,0x00000000f97f08a0,0x00000000fab00000)
  to   space 24064K, 0% used [0x00000000f7c00000,0x00000000f7c00000,0x00000000f9380000)
 ParOldGen       total 349696K, used 349695K [0x00000000e0000000, 0x00000000f5580000, 0x00000000f5580000)
  object space 349696K, 99% used [0x00000000e0000000,0x00000000f557ffe0,0x00000000f5580000)
 Metaspace       used 56204K, committed 57088K, reserved 1105920K
  class space    used 5565K, committed 5952K, reserved 1048576K
}
Event: 1148.849 GC heap before
{Heap before GC invocations=665 (full 541):
 PSYoungGen      total 63488K, used 43970K [0x00000000f5580000, 0x00000000fac00000, 0x0000000100000000)
  eden space 39424K, 100% used [0x00000000f5580000,0x00000000f7c00000,0x00000000f7c00000)
  from space 24064K, 18% used [0x00000000f9380000,0x00000000f97f08a0,0x00000000fab00000)
  to   space 24064K, 0% used [0x00000000f7c00000,0x00000000f7c00000,0x00000000f9380000)
 ParOldGen       total 349696K, used 349695K [0x00000000e0000000, 0x00000000f5580000, 0x00000000f5580000)
  object space 349696K, 99% used [0x00000000e0000000,0x00000000f557fff8,0x00000000f5580000)
 Metaspace       used 56204K, committed 57088K, reserved 1105920K
  class space    used 5565K, committed 5952K, reserved 1048576K
}
Event: 1150.606 GC heap after
{Heap after GC invocations=665 (full 541):
 PSYoungGen      total 63488K, used 43970K [0x00000000f5580000, 0x00000000fac00000, 0x0000000100000000)
  eden space 39424K, 99% used [0x00000000f5580000,0x00000000f7bfffe0,0x00000000f7c00000)
  from space 24064K, 18% used [0x00000000f9380000,0x00000000f97f08a0,0x00000000fab00000)
  to   space 24064K, 0% used [0x00000000f7c00000,0x00000000f7c00000,0x00000000f9380000)
 ParOldGen       total 349696K, used 349695K [0x00000000e0000000, 0x00000000f5580000, 0x00000000f5580000)
  object space 349696K, 99% used [0x00000000e0000000,0x00000000f557fff8,0x00000000f5580000)
 Metaspace       used 56204K, committed 57088K, reserved 1105920K
  class space    used 5565K, committed 5952K, reserved 1048576K
}
Event: 1150.607 GC heap before
{Heap before GC invocations=666 (full 542):
 PSYoungGen      total 63488K, used 43970K [0x00000000f5580000, 0x00000000fac00000, 0x0000000100000000)
  eden space 39424K, 99% used [0x00000000f5580000,0x00000000f7bffff8,0x00000000f7c00000)
  from space 24064K, 18% used [0x00000000f9380000,0x00000000f97f08a0,0x00000000fab00000)
  to   space 24064K, 0% used [0x00000000f7c00000,0x00000000f7c00000,0x00000000f9380000)
 ParOldGen       total 349696K, used 349695K [0x00000000e0000000, 0x00000000f5580000, 0x00000000f5580000)
  object space 349696K, 99% used [0x00000000e0000000,0x00000000f557fff8,0x00000000f5580000)
 Metaspace       used 56204K, committed 57088K, reserved 1105920K
  class space    used 5565K, committed 5952K, reserved 1048576K
}
Event: 1152.405 GC heap after
{Heap after GC invocations=666 (full 542):
 PSYoungGen      total 63488K, used 43970K [0x00000000f5580000, 0x00000000fac00000, 0x0000000100000000)
  eden space 39424K, 99% used [0x00000000f5580000,0x00000000f7bffff8,0x00000000f7c00000)
  from space 24064K, 18% used [0x00000000f9380000,0x00000000f97f08a0,0x00000000fab00000)
  to   space 24064K, 0% used [0x00000000f7c00000,0x00000000f7c00000,0x00000000f9380000)
 ParOldGen       total 349696K, used 349695K [0x00000000e0000000, 0x00000000f5580000, 0x00000000f5580000)
  object space 349696K, 99% used [0x00000000e0000000,0x00000000f557fff8,0x00000000f5580000)
 Metaspace       used 56204K, committed 57088K, reserved 1105920K
  class space    used 5565K, committed 5952K, reserved 1048576K
}
Event: 1152.405 GC heap before
{Heap before GC invocations=667 (full 543):
 PSYoungGen      total 63488K, used 43970K [0x00000000f5580000, 0x00000000fac00000, 0x0000000100000000)
  eden space 39424K, 99% used [0x00000000f5580000,0x00000000f7bffff8,0x00000000f7c00000)
  from space 24064K, 18% used [0x00000000f9380000,0x00000000f97f08a0,0x00000000fab00000)
  to   space 24064K, 0% used [0x00000000f7c00000,0x00000000f7c00000,0x00000000f9380000)
 ParOldGen       total 349696K, used 349695K [0x00000000e0000000, 0x00000000f5580000, 0x00000000f5580000)
  object space 349696K, 99% used [0x00000000e0000000,0x00000000f557fff8,0x00000000f5580000)
 Metaspace       used 56204K, committed 57088K, reserved 1105920K
  class space    used 5565K, committed 5952K, reserved 1048576K
}
Event: 1154.217 GC heap after
{Heap after GC invocations=667 (full 543):
 PSYoungGen      total 63488K, used 43970K [0x00000000f5580000, 0x00000000fac00000, 0x0000000100000000)
  eden space 39424K, 99% used [0x00000000f5580000,0x00000000f7bffff8,0x00000000f7c00000)
  from space 24064K, 18% used [0x00000000f9380000,0x00000000f97f08a0,0x00000000fab00000)
  to   space 24064K, 0% used [0x00000000f7c00000,0x00000000f7c00000,0x00000000f9380000)
 ParOldGen       total 349696K, used 349695K [0x00000000e0000000, 0x00000000f5580000, 0x00000000f5580000)
  object space 349696K, 99% used [0x00000000e0000000,0x00000000f557fff8,0x00000000f5580000)
 Metaspace       used 56204K, committed 57088K, reserved 1105920K
  class space    used 5565K, committed 5952K, reserved 1048576K
}

Dll operation events (9 events):
Event: 0.002 Loaded shared library /nix/store/gpxl5qgg8kicmcvivwmybwjlpf7wh20l-graalvm17-ce-22.3.0/lib/libjava.so
Event: 0.016 Loaded shared library /nix/store/gpxl5qgg8kicmcvivwmybwjlpf7wh20l-graalvm17-ce-22.3.0/lib/libjsvml.so
Event: 0.241 Loaded shared library /nix/store/gpxl5qgg8kicmcvivwmybwjlpf7wh20l-graalvm17-ce-22.3.0/lib/libnio.so
Event: 0.286 Loaded shared library /nix/store/gpxl5qgg8kicmcvivwmybwjlpf7wh20l-graalvm17-ce-22.3.0/lib/libzip.so
Event: 0.290 Loaded shared library /nix/store/gpxl5qgg8kicmcvivwmybwjlpf7wh20l-graalvm17-ce-22.3.0/lib/libjvmcicompiler.so
Event: 0.689 Loaded shared library /nix/store/gpxl5qgg8kicmcvivwmybwjlpf7wh20l-graalvm17-ce-22.3.0/lib/libjimage.so
Event: 1.213 Loaded shared library /nix/store/gpxl5qgg8kicmcvivwmybwjlpf7wh20l-graalvm17-ce-22.3.0/lib/libnet.so
Event: 5.088 Loaded shared library /home/runner/.cache/jdt-language-server/config/org.eclipse.equinox.launcher/org.eclipse.equinox.launcher.gtk.linux.x86_64_1.2.400.v20211117-0650/eclipse_11600.so
Event: 16.417 Loaded shared library /nix/store/gpxl5qgg8kicmcvivwmybwjlpf7wh20l-graalvm17-ce-22.3.0/lib/libextnet.so

Deoptimization events (20 events):
Event: 75.501 Thread 0x00007fc38c47f3d0 DEOPT PACKING pc=0x00007fc3e07cf7dd sp=0x00007fc3a4dfe530
Event: 75.501 Thread 0x00007fc38c47f3d0 DEOPT UNPACKING pc=0x00007fc3df505325 sp=0x00007fc3a4dfda20 mode 0
Event: 614.733 Thread 0x00007fc3f80b1ce0 DEOPT PACKING pc=0x00007fc3dfa76e0a sp=0x00007fc3ddb15f30
Event: 614.733 Thread 0x00007fc3f80b1ce0 DEOPT UNPACKING pc=0x00007fc3df505325 sp=0x00007fc3ddb15458 mode 0
Event: 687.341 Thread 0x00007fc3f80b1ce0 Uncommon trap: trap_request=0xffffffcd fr.pc=0x00007fc3e71f9da7 relative=0x0000000000000da7
Event: 687.341 Thread 0x00007fc3f80b1ce0 Uncommon trap: reason=intrinsic_or_type_checked_inlining action=reinterpret pc=0x00007fc3e71f9da7 method=java.io.DataOutputStream.write([BII)V @ 0 jvmci
Event: 687.341 Thread 0x00007fc3f80b1ce0 DEOPT PACKING pc=0x00007fc3e71f9da7 sp=0x00007fc3ddb15fa0
Event: 687.341 Thread 0x00007fc3f80b1ce0 DEOPT UNPACKING pc=0x00007fc3df505325 sp=0x00007fc3ddb153d0 mode 3
Event: 704.161 Thread 0x00007fc3f80b1ce0 Uncommon trap: trap_request=0xffffffcd fr.pc=0x00007fc3e71f7f12 relative=0x0000000000000a92
Event: 704.161 Thread 0x00007fc3f80b1ce0 Uncommon trap: reason=intrinsic_or_type_checked_inlining action=reinterpret pc=0x00007fc3e71f7f12 method=java.io.DataOutputStream.write([BII)V @ 0 jvmci
Event: 704.161 Thread 0x00007fc3f80b1ce0 DEOPT PACKING pc=0x00007fc3e71f7f12 sp=0x00007fc3ddb15fa0
Event: 704.161 Thread 0x00007fc3f80b1ce0 DEOPT UNPACKING pc=0x00007fc3df505325 sp=0x00007fc3ddb153d0 mode 3
Event: 706.207 Thread 0x00007fc3f80b1ce0 Uncommon trap: trap_request=0xffffffcd fr.pc=0x00007fc3e71d3c85 relative=0x0000000000000de5
Event: 706.207 Thread 0x00007fc3f80b1ce0 Uncommon trap: reason=intrinsic_or_type_checked_inlining action=reinterpret pc=0x00007fc3e71d3c85 method=java.io.DataOutputStream.write([BII)V @ 0 jvmci
Event: 706.207 Thread 0x00007fc3f80b1ce0 DEOPT PACKING pc=0x00007fc3e71d3c85 sp=0x00007fc3ddb15fa0
Event: 706.207 Thread 0x00007fc3f80b1ce0 DEOPT UNPACKING pc=0x00007fc3df505325 sp=0x00007fc3ddb153d0 mode 3
Event: 1134.516 Thread 0x00007fc38c47f3d0 Uncommon trap: trap_request=0xffffff8f fr.pc=0x00007fc3e7177ea8 relative=0x0000000000001068
Event: 1134.516 Thread 0x00007fc38c47f3d0 Uncommon trap: reason=constraint action=none pc=0x00007fc3e7177ea8 method=org.eclipse.jdt.internal.core.index.DiskIndex.copyQueryResults(Lorg/eclipse/jdt/internal/compiler/util/HashtableOfObject;I)V @ 123 jvmci
Event: 1134.516 Thread 0x00007fc38c47f3d0 DEOPT PACKING pc=0x00007fc3e7177ea8 sp=0x00007fc3a4dfe550
Event: 1134.516 Thread 0x00007fc38c47f3d0 DEOPT UNPACKING pc=0x00007fc3df505325 sp=0x00007fc3a4dfda28 mode 3

Classes unloaded (20 events):
Event: 173.798 Thread 0x00007fc3f80a16f0 Unloading class 0x0000000801131000 'jdk/internal/reflect/GeneratedSerializationConstructorAccessor18'
Event: 173.798 Thread 0x00007fc3f80a16f0 Unloading class 0x0000000801130c00 'jdk/internal/reflect/GeneratedSerializationConstructorAccessor17'
Event: 173.798 Thread 0x00007fc3f80a16f0 Unloading class 0x0000000801130800 'jdk/internal/reflect/GeneratedSerializationConstructorAccessor16'
Event: 173.798 Thread 0x00007fc3f80a16f0 Unloading class 0x0000000801130400 'jdk/internal/reflect/GeneratedSerializationConstructorAccessor15'
Event: 173.798 Thread 0x00007fc3f80a16f0 Unloading class 0x0000000801128400 'jdk/internal/reflect/GeneratedSerializationConstructorAccessor14'
Event: 173.798 Thread 0x00007fc3f80a16f0 Unloading class 0x0000000801128000 'jdk/internal/reflect/GeneratedSerializationConstructorAccessor13'
Event: 173.798 Thread 0x00007fc3f80a16f0 Unloading class 0x0000000801125c00 'jdk/internal/reflect/GeneratedSerializationConstructorAccessor12'
Event: 173.798 Thread 0x00007fc3f80a16f0 Unloading class 0x0000000801125800 'jdk/internal/reflect/GeneratedMethodAccessor12'
Event: 173.798 Thread 0x00007fc3f80a16f0 Unloading class 0x0000000801125400 'jdk/internal/reflect/GeneratedMethodAccessor11'
Event: 173.798 Thread 0x00007fc3f80a16f0 Unloading class 0x0000000801125000 'jdk/internal/reflect/GeneratedSerializationConstructorAccessor11'
Event: 173.798 Thread 0x00007fc3f80a16f0 Unloading class 0x0000000801124c00 'jdk/internal/reflect/GeneratedSerializationConstructorAccessor10'
Event: 173.798 Thread 0x00007fc3f80a16f0 Unloading class 0x0000000801124800 'jdk/internal/reflect/GeneratedSerializationConstructorAccessor9'
Event: 173.799 Thread 0x00007fc3f80a16f0 Unloading class 0x0000000801124400 'jdk/internal/reflect/GeneratedSerializationConstructorAccessor8'
Event: 173.799 Thread 0x00007fc3f80a16f0 Unloading class 0x0000000801090400 'jdk/internal/reflect/GeneratedSerializationConstructorAccessor2'
Event: 173.799 Thread 0x00007fc3f80a16f0 Unloading class 0x0000000801090000 'jdk/internal/reflect/GeneratedSerializationConstructorAccessor1'
Event: 175.631 Thread 0x00007fc3f80a16f0 Unloading class 0x0000000801124000 'jdk/internal/reflect/GeneratedConstructorAccessor37'
Event: 184.034 Thread 0x00007fc3f80a16f0 Unloading class 0x00000008010e8c00 'jdk/internal/reflect/GeneratedMethodAccessor10'
Event: 184.034 Thread 0x00007fc3f80a16f0 Unloading class 0x00000008010e8800 'jdk/internal/reflect/GeneratedMethodAccessor9'
Event: 184.034 Thread 0x00007fc3f80a16f0 Unloading class 0x00000008010e8400 'jdk/internal/reflect/GeneratedMethodAccessor8'
Event: 184.034 Thread 0x00007fc3f80a16f0 Unloading class 0x00000008010e8000 'jdk/internal/reflect/GeneratedMethodAccessor7'

Classes redefined (0 events):
No events

Internal exceptions (20 events):
Event: 43.210 Thread 0x00007fc364102000 Exception <a 'java/lang/NoSuchMethodError'{0x00000000f5582010}: static [J.<clinit>()V> (0x00000000f5582010) 
thrown [src/hotspot/share/prims/jni.cpp, line 1107]
Event: 43.319 Thread 0x00007fc380007530 Exception <a 'java/lang/NoSuchMethodError'{0x00000000f59b85f8}: 'java.lang.Object java.lang.invoke.DirectMethodHandle$Holder.newInvokeSpecial(java.lang.Object, java.lang.Object, java.lang.Object, int, java.lang.Object)'> (0x00000000f59b85f8) 
thrown [src/hotspot/share/interpreter/linkResolver.cpp, line 758]
Event: 43.319 Thread 0x00007fc380007530 Exception <a 'java/lang/NoSuchMethodError'{0x00000000f59bd638}: 'java.lang.Object java.lang.invoke.DirectMethodHandle$Holder.invokeSpecial(java.lang.Object, java.lang.Object, java.lang.Object, java.lang.Object, int, java.lang.Object)'> (0x00000000f59bd638) 
thrown [src/hotspot/share/interpreter/linkResolver.cpp, line 758]
Event: 43.319 Thread 0x00007fc380007530 Exception <a 'java/lang/NoSuchMethodError'{0x00000000f59c1a00}: 'java.lang.Object java.lang.invoke.Invokers$Holder.linkToTargetMethod(java.lang.Object, java.lang.Object, int, java.lang.Object, java.lang.Object)'> (0x00000000f59c1a00) 
thrown [src/hotspot/share/interpreter/linkResolver.cpp, line 758]
Event: 46.785 Thread 0x00007fc380007530 Exception <a 'java/io/FileNotFoundException'{0x00000000f5a14508}> (0x00000000f5a14508) 
thrown [src/hotspot/share/prims/jni.cpp, line 516]
Event: 47.810 Thread 0x00007fc364102000 Implicit null exception at 0x00007fc3e7162ba2 to 0x00007fc3e7162f32
Event: 48.490 Thread 0x00007fc364102000 Implicit null exception at 0x00007fc3e70e2fc1 to 0x00007fc3e70e30eb
Event: 50.387 Thread 0x00007fc38c47f3d0 Implicit null exception at 0x00007fc3e7176302 to 0x00007fc3e7179f4a
Event: 52.792 Thread 0x00007fc364102000 Exception <a 'java/lang/NoSuchMethodError'{0x00000000f673ff08}: 'java.lang.Object java.lang.invoke.DirectMethodHandle$Holder.invokeStatic(java.lang.Object, java.lang.Object, java.lang.Object, long)'> (0x00000000f673ff08) 
thrown [src/hotspot/share/interpreter/linkResolver.cpp, line 758]
Event: 52.799 Thread 0x00007fc364102000 Exception <a 'java/lang/NoSuchMethodError'{0x00000000f6747600}: 'java.lang.Object java.lang.invoke.DirectMethodHandle$Holder.newInvokeSpecial(java.lang.Object, java.lang.Object, java.lang.Object, long)'> (0x00000000f6747600) 
thrown [src/hotspot/share/interpreter/linkResolver.cpp, line 758]
Event: 52.885 Thread 0x00007fc364102000 Exception <a 'java/lang/NoSuchMethodError'{0x00000000f674b718}: 'java.lang.Object java.lang.invoke.DirectMethodHandle$Holder.invokeSpecial(java.lang.Object, java.lang.Object, java.lang.Object, java.lang.Object, long)'> (0x00000000f674b718) 
thrown [src/hotspot/share/interpreter/linkResolver.cpp, line 758]
Event: 52.886 Thread 0x00007fc364102000 Exception <a 'java/lang/NoSuchMethodError'{0x00000000f674f040}: 'java.lang.Object java.lang.invoke.Invokers$Holder.linkToTargetMethod(java.lang.Object, java.lang.Object, long, java.lang.Object)'> (0x00000000f674f040) 
thrown [src/hotspot/share/interpreter/linkResolver.cpp, line 758]
Event: 52.904 Thread 0x00007fc364102000 Exception <a 'java/lang/NoSuchMethodError'{0x00000000f69e26f0}: 'java.lang.Object java.lang.invoke.DirectMethodHandle$Holder.newInvokeSpecial(java.lang.Object, java.lang.Object, int, java.lang.Object, java.lang.Object)'> (0x00000000f69e26f0) 
thrown [src/hotspot/share/interpreter/linkResolver.cpp, line 758]
Event: 52.907 Thread 0x00007fc364102000 Exception <a 'java/lang/NoSuchMethodError'{0x00000000f69e6930}: 'java.lang.Object java.lang.invoke.DirectMethodHandle$Holder.invokeSpecial(java.lang.Object, java.lang.Object, java.lang.Object, int, java.lang.Object, java.lang.Object)'> (0x00000000f69e6930) 
thrown [src/hotspot/share/interpreter/linkResolver.cpp, line 758]
Event: 53.105 Thread 0x00007fc364102000 Implicit null exception at 0x00007fc3e715bb30 to 0x00007fc3e715bd7a
Event: 58.904 Thread 0x00007fc38c47f3d0 Implicit null exception at 0x00007fc3e71c9fa9 to 0x00007fc3e71ca402
Event: 992.792 Thread 0x00007fc358014450 Exception <a 'java/lang/OutOfMemoryError'{0x00000000e0012130}> (0x00000000e0012130) 
thrown [src/hotspot/share/gc/shared/memAllocator.cpp, line 136]
Event: 1134.516 Thread 0x00007fc38c47f3d0 Exception <a 'java/lang/OutOfMemoryError'{0x00000000e00126d0}> (0x00000000e00126d0) 
thrown [src/hotspot/share/gc/shared/memAllocator.cpp, line 138]
Event: 1134.516 Thread 0x00007fc38c47f3d0 Implicit null exception at 0x00007fc3e717790e to 0x00007fc3e7177e8d
Event: 1154.217 Thread 0x00007fc3f80b1ce0 Exception <a 'java/lang/OutOfMemoryError'{0x00000000e0012720}> (0x00000000e0012720) 
thrown [src/hotspot/share/gc/shared/memAllocator.cpp, line 136]

VM Operations (20 events):
Event: 1134.516 Executing VM operation: ParallelGCFailedAllocation done
Event: 1134.516 Executing VM operation: ParallelGCFailedAllocation
Event: 1136.490 Executing VM operation: ParallelGCFailedAllocation done
Event: 1136.495 Executing VM operation: ParallelGCFailedAllocation
Event: 1138.627 Executing VM operation: ParallelGCFailedAllocation done
Event: 1138.627 Executing VM operation: ParallelGCFailedAllocation
Event: 1141.099 Executing VM operation: ParallelGCFailedAllocation done
Event: 1141.099 Executing VM operation: ParallelGCFailedAllocation
Event: 1143.011 Executing VM operation: ParallelGCFailedAllocation done
Event: 1143.013 Executing VM operation: ParallelGCFailedAllocation
Event: 1145.033 Executing VM operation: ParallelGCFailedAllocation done
Event: 1145.033 Executing VM operation: ParallelGCFailedAllocation
Event: 1146.936 Executing VM operation: ParallelGCFailedAllocation done
Event: 1146.938 Executing VM operation: ParallelGCFailedAllocation
Event: 1148.849 Executing VM operation: ParallelGCFailedAllocation done
Event: 1148.849 Executing VM operation: ParallelGCFailedAllocation
Event: 1150.606 Executing VM operation: ParallelGCFailedAllocation done
Event: 1150.606 Executing VM operation: ParallelGCFailedAllocation
Event: 1154.217 Executing VM operation: ParallelGCFailedAllocation done
Event: 1154.217 Executing VM operation: ParallelGCFailedAllocation

Events (20 events):
Event: 99.726 Thread 0x00007fc35c431540 Thread exited: 0x00007fc35c431540
Event: 102.187 Thread 0x00007fc348003020 Thread exited: 0x00007fc348003020
Event: 110.931 Thread 0x00007fc3800010d0 Thread exited: 0x00007fc3800010d0
Event: 117.623 Thread 0x00007fc368000ff0 Thread exited: 0x00007fc368000ff0
Event: 119.406 Thread 0x00007fc364001130 Thread exited: 0x00007fc364001130
Event: 188.630 Thread 0x00007fc358014450 Thread added: 0x00007fc358014450
Event: 188.630 Protecting memory [0x00007fc3a4500000,0x00007fc3a4504000] with protection modes 0
Event: 311.791 Thread 0x00007fc364001130 Thread added: 0x00007fc364001130
Event: 311.791 Protecting memory [0x00007fc3a4300000,0x00007fc3a4304000] with protection modes 0
Event: 389.987 loading class java/io/InterruptedIOException
Event: 389.988 loading class java/io/InterruptedIOException done
Event: 391.823 loading class javax/net/ssl/SSLException
Event: 391.823 loading class javax/net/ssl/SSLException done
Event: 407.623 loading class java/lang/AssertionError
Event: 407.623 loading class java/lang/AssertionError done
Event: 409.607 Thread 0x00007fc35c42b570 Thread exited: 0x00007fc35c42b570
Event: 427.625 Thread 0x00007fc348001dd0 Thread exited: 0x00007fc348001dd0
Event: 458.050 Thread 0x00007fc35c42c050 Thread exited: 0x00007fc35c42c050
Event: 1143.013 loading class java/lang/Throwable$WrappedPrintWriter
Event: 1146.937 loading class java/lang/Throwable$WrappedPrintWriter done


Dynamic libraries:
e0000000-f4180000 rw-p 00000000 00:00 0 
f4180000-fac00000 rw-p 00000000 00:00 0 
fac00000-100000000 ---p 00000000 00:00 0 
800000000-800449000 rw-p 00001000 00:ca7 4611686019135357769             /nix/store/gpxl5qgg8kicmcvivwmybwjlpf7wh20l-graalvm17-ce-22.3.0/lib/server/classes.jsa
800449000-800bc8000 r--p 0044a000 00:ca7 4611686019135357769             /nix/store/gpxl5qgg8kicmcvivwmybwjlpf7wh20l-graalvm17-ce-22.3.0/lib/server/classes.jsa
800bc8000-800c00000 ---p 00000000 00:00 0 
800c00000-800c10000 rw-p 00000000 00:00 0 
800c10000-800c30000 rw-p 00000000 00:00 0 
800c30000-800cb0000 rw-p 00000000 00:00 0 
800cb0000-800cf0000 rw-p 00000000 00:00 0 
800cf0000-800db0000 rw-p 00000000 00:00 0 
800db0000-800df0000 rw-p 00000000 00:00 0 
800df0000-800f30000 rw-p 00000000 00:00 0 
800f30000-800fb0000 rw-p 00000000 00:00 0 
800fb0000-800ff0000 rw-p 00000000 00:00 0 
800ff0000-801000000 ---p 00000000 00:00 0 
801000000-8011e0000 rw-p 00000000 00:00 0 
8011e0000-840c00000 ---p 00000000 00:00 0 
558bd0f7e000-558bd0f7f000 r-xp 00000000 00:ca7 4611686019099417844       /nix/store/gpxl5qgg8kicmcvivwmybwjlpf7wh20l-graalvm17-ce-22.3.0/bin/.java-wrapped
558bd0f80000-558bd0f81000 r--p 00001000 00:ca7 4611686019099417844       /nix/store/gpxl5qgg8kicmcvivwmybwjlpf7wh20l-graalvm17-ce-22.3.0/bin/.java-wrapped
558bd0f81000-558bd0f82000 rw-p 00002000 00:ca7 4611686019099417844       /nix/store/gpxl5qgg8kicmcvivwmybwjlpf7wh20l-graalvm17-ce-22.3.0/bin/.java-wrapped
558bd0f82000-558bd0f83000 rw-p 00004000 00:ca7 4611686019099417844       /nix/store/gpxl5qgg8kicmcvivwmybwjlpf7wh20l-graalvm17-ce-22.3.0/bin/.java-wrapped
558bd0f83000-558bd0f84000 rw-p 00005000 00:ca7 4611686019099417844       /nix/store/gpxl5qgg8kicmcvivwmybwjlpf7wh20l-graalvm17-ce-22.3.0/bin/.java-wrapped
558bd2536000-558bd257e000 rw-p 00000000 00:00 0                          [heap]
7fc330000000-7fc330021000 rw-p 00000000 00:00 0 
7fc330021000-7fc334000000 ---p 00000000 00:00 0 
7fc338000000-7fc338021000 rw-p 00000000 00:00 0 
7fc338021000-7fc33c000000 ---p 00000000 00:00 0 
7fc33c000000-7fc33c021000 rw-p 00000000 00:00 0 
7fc33c021000-7fc340000000 ---p 00000000 00:00 0 
7fc340000000-7fc340021000 rw-p 00000000 00:00 0 
7fc340021000-7fc344000000 ---p 00000000 00:00 0 
7fc344000000-7fc344021000 rw-p 00000000 00:00 0 
7fc344021000-7fc348000000 ---p 00000000 00:00 0 
7fc348000000-7fc348021000 rw-p 00000000 00:00 0 
7fc348021000-7fc34c000000 ---p 00000000 00:00 0 
7fc34e4b3000-7fc358000000 r--s 00000000 00:ca7 4611686019135192581       /nix/store/gpxl5qgg8kicmcvivwmybwjlpf7wh20l-graalvm17-ce-22.3.0/lib/modules
7fc358000000-7fc35818c000 rw-p 00000000 00:00 0 
7fc35818c000-7fc35c000000 ---p 00000000 00:00 0 
7fc35c000000-7fc35c4d7000 rw-p 00000000 00:00 0 
7fc35c4d7000-7fc360000000 ---p 00000000 00:00 0 
7fc361000000-7fc361270000 rw-p 00000000 00:00 0 
7fc361270000-7fc361800000 ---p 00000000 00:00 0 
7fc361800000-7fc361af0000 rw-p 00000000 00:00 0 
7fc361af0000-7fc361b80000 rw-p 00000000 00:00 0 
7fc361b80000-7fc361c00000 ---p 00000000 00:00 0 
7fc361c00000-7fc362000000 rw-p 00000000 00:00 0 
7fc363000000-7fc3631f0000 rw-p 00000000 00:00 0 
7fc3631f0000-7fc3637f0000 rw-p 00000000 00:00 0 
7fc3637f0000-7fc363870000 rw-p 00000000 00:00 0 
7fc363870000-7fc3638f0000 rw-p 00000000 00:00 0 
7fc3638f0000-7fc363af0000 rw-p 00000000 00:00 0 
7fc363af0000-7fc363cf0000 rw-p 00000000 00:00 0 
7fc363cf0000-7fc364000000 rw-p 00000000 00:00 0 
7fc364000000-7fc364131000 rw-p 00000000 00:00 0 
7fc364131000-7fc368000000 ---p 00000000 00:00 0 
7fc368000000-7fc368027000 rw-p 00000000 00:00 0 
7fc368027000-7fc36c000000 ---p 00000000 00:00 0 
7fc36c000000-7fc36c021000 rw-p 00000000 00:00 0 
7fc36c021000-7fc370000000 ---p 00000000 00:00 0 
7fc370000000-7fc370021000 rw-p 00000000 00:00 0 
7fc370021000-7fc374000000 ---p 00000000 00:00 0 
7fc374000000-7fc37403c000 rw-p 00000000 00:00 0 
7fc37403c000-7fc378000000 ---p 00000000 00:00 0 
7fc378000000-7fc378062000 rw-p 00000000 00:00 0 
7fc378062000-7fc37c000000 ---p 00000000 00:00 0 
7fc37c000000-7fc37c021000 rw-p 00000000 00:00 0 
7fc37c021000-7fc380000000 ---p 00000000 00:00 0 
7fc380000000-7fc3802e4000 rw-p 00000000 00:00 0 
7fc3802e4000-7fc384000000 ---p 00000000 00:00 0 
7fc384000000-7fc384021000 rw-p 00000000 00:00 0 
7fc384021000-7fc388000000 ---p 00000000 00:00 0 
7fc388000000-7fc388174000 rw-p 00000000 00:00 0 
7fc388174000-7fc38c000000 ---p 00000000 00:00 0 
7fc38c000000-7fc38c8ba000 rw-p 00000000 00:00 0 
7fc38c8ba000-7fc390000000 ---p 00000000 00:00 0 
7fc390000000-7fc390025000 rw-p 00000000 00:00 0 
7fc390025000-7fc394000000 ---p 00000000 00:00 0 
7fc394000000-7fc394021000 rw-p 00000000 00:00 0 
7fc394021000-7fc398000000 ---p 00000000 00:00 0 
7fc398000000-7fc398021000 rw-p 00000000 00:00 0 
7fc398021000-7fc39c000000 ---p 00000000 00:00 0 
7fc39c000000-7fc39c021000 rw-p 00000000 00:00 0 
7fc39c021000-7fc3a0000000 ---p 00000000 00:00 0 
7fc3a0400000-7fc3a04f0000 rw-p 00000000 00:00 0 
7fc3a04f0000-7fc3a05f0000 rw-p 00000000 00:00 0 
7fc3a05f0000-7fc3a0b70000 rw-p 00000000 00:00 0 
7fc3a0b70000-7fc3a0bf0000 rw-p 00000000 00:00 0 
7fc3a0bf0000-7fc3a0cf0000 rw-p 00000000 00:00 0 
7fc3a0cf0000-7fc3a0df0000 rw-p 00000000 00:00 0 
7fc3a0df0000-7fc3a10f0000 rw-p 00000000 00:00 0 
7fc3a10f0000-7fc3a11f0000 rw-p 00000000 00:00 0 
7fc3a11f0000-7fc3a1400000 rw-p 00000000 00:00 0 
7fc3a1400000-7fc3a1410000 r-xp 00000000 00:c90 365                       /home/runner/.cache/jdt-language-server/config/org.eclipse.equinox.launcher/org.eclipse.equinox.launcher.gtk.linux.x86_64_1.2.400.v20211117-0650/eclipse_11600.so
7fc3a1410000-7fc3a160f000 ---p 00010000 00:c90 365                       /home/runner/.cache/jdt-language-server/config/org.eclipse.equinox.launcher/org.eclipse.equinox.launcher.gtk.linux.x86_64_1.2.400.v20211117-0650/eclipse_11600.so
7fc3a160f000-7fc3a1610000 r--p 0000f000 00:c90 365                       /home/runner/.cache/jdt-language-server/config/org.eclipse.equinox.launcher/org.eclipse.equinox.launcher.gtk.linux.x86_64_1.2.400.v20211117-0650/eclipse_11600.so
7fc3a1610000-7fc3a1611000 rw-p 00010000 00:c90 365                       /home/runner/.cache/jdt-language-server/config/org.eclipse.equinox.launcher/org.eclipse.equinox.launcher.gtk.linux.x86_64_1.2.400.v20211117-0650/eclipse_11600.so
7fc3a2d00000-7fc3a2e00000 ---p 00000000 00:00 0 
7fc3a2e00000-7fc3a33af000 r--p 01122000 00:ca7 4611686019135190040       /nix/store/gpxl5qgg8kicmcvivwmybwjlpf7wh20l-graalvm17-ce-22.3.0/lib/libjvmcicompiler.so
7fc3a33af000-7fc3a3500000 r--p 00000000 00:00 0 
7fc3a3500000-7fc3a353d000 rw-p 00000000 00:00 0 
7fc3a353d000-7fc3a3a5d000 rw-p 0185f000 00:ca7 4611686019135190040       /nix/store/gpxl5qgg8kicmcvivwmybwjlpf7wh20l-graalvm17-ce-22.3.0/lib/libjvmcicompiler.so
7fc3a3a5d000-7fc3a3e44000 r--p 01d7f000 00:ca7 4611686019135190040       /nix/store/gpxl5qgg8kicmcvivwmybwjlpf7wh20l-graalvm17-ce-22.3.0/lib/libjvmcicompiler.so
7fc3a3f00000-7fc3a3f04000 ---p 00000000 00:00 0 
7fc3a3f04000-7fc3a4000000 rw-p 00000000 00:00 0 
7fc3a4000000-7fc3a4004000 ---p 00000000 00:00 0 
7fc3a4004000-7fc3a4100000 rw-p 00000000 00:00 0 
7fc3a4100000-7fc3a4104000 ---p 00000000 00:00 0 
7fc3a4104000-7fc3a4200000 rw-p 00000000 00:00 0 
7fc3a4300000-7fc3a4304000 ---p 00000000 00:00 0 
7fc3a4304000-7fc3a4400000 rw-p 00000000 00:00 0 
7fc3a4500000-7fc3a4504000 ---p 00000000 00:00 0 
7fc3a4504000-7fc3a4600000 rw-p 00000000 00:00 0 
7fc3a4600000-7fc3a4604000 ---p 00000000 00:00 0 
7fc3a4604000-7fc3a4700000 rw-p 00000000 00:00 0 
7fc3a4700000-7fc3a4704000 ---p 00000000 00:00 0 
7fc3a4704000-7fc3a4800000 rw-p 00000000 00:00 0 
7fc3a4900000-7fc3a4904000 ---p 00000000 00:00 0 
7fc3a4904000-7fc3a4a00000 rw-p 00000000 00:00 0 
7fc3a4b00000-7fc3a4b04000 ---p 00000000 00:00 0 
7fc3a4b04000-7fc3a4c00000 rw-p 00000000 00:00 0 
7fc3a4c00000-7fc3a4c04000 ---p 00000000 00:00 0 
7fc3a4c04000-7fc3a4d00000 rw-p 00000000 00:00 0 
7fc3a4d00000-7fc3a4d04000 ---p 00000000 00:00 0 
7fc3a4d04000-7fc3a4e00000 rw-p 00000000 00:00 0 
7fc3a4f00000-7fc3a4f04000 ---p 00000000 00:00 0 
7fc3a4f04000-7fc3a5000000 rw-p 00000000 00:00 0 
7fc3a5100000-7fc3a5104000 ---p 00000000 00:00 0 
7fc3a5104000-7fc3a5200000 rw-p 00000000 00:00 0 
7fc3a5200000-7fc3a5204000 ---p 00000000 00:00 0 
7fc3a5204000-7fc3a5300000 rw-p 00000000 00:00 0 
7fc3a5300000-7fc3a5304000 ---p 00000000 00:00 0 
7fc3a5304000-7fc3a5400000 rw-p 00000000 00:00 0 
7fc3a5500000-7fc3a5504000 ---p 00000000 00:00 0 
7fc3a5504000-7fc3a5600000 rw-p 00000000 00:00 0 
7fc3a5600000-7fc3a5604000 ---p 00000000 00:00 0 
7fc3a5604000-7fc3a5700000 rw-p 00000000 00:00 0 
7fc3a5700000-7fc3a5704000 ---p 00000000 00:00 0 
7fc3a5704000-7fc3a5800000 rw-p 00000000 00:00 0 
7fc3a5900000-7fc3a5904000 ---p 00000000 00:00 0 
7fc3a5904000-7fc3a5a00000 rw-p 00000000 00:00 0 
7fc3a5a00000-7fc3a5a04000 ---p 00000000 00:00 0 
7fc3a5a04000-7fc3a5b00000 rw-p 00000000 00:00 0 
7fc3a5b00000-7fc3a5b04000 ---p 00000000 00:00 0 
7fc3a5b04000-7fc3a5c00000 rw-p 00000000 00:00 0 
7fc3a5c00000-7fc3a7d6a000 r-xp 00000000 00:ca7 4611686019135190040       /nix/store/gpxl5qgg8kicmcvivwmybwjlpf7wh20l-graalvm17-ce-22.3.0/lib/libjvmcicompiler.so
7fc3a7d6a000-7fc3a7f69000 ---p 0216a000 00:ca7 4611686019135190040       /nix/store/gpxl5qgg8kicmcvivwmybwjlpf7wh20l-graalvm17-ce-22.3.0/lib/libjvmcicompiler.so
7fc3a7f69000-7fc3a7f6a000 r--p 02169000 00:ca7 4611686019135190040       /nix/store/gpxl5qgg8kicmcvivwmybwjlpf7wh20l-graalvm17-ce-22.3.0/lib/libjvmcicompiler.so
7fc3a7f6a000-7fc3a7f6c000 rw-p 0216a000 00:ca7 4611686019135190040       /nix/store/gpxl5qgg8kicmcvivwmybwjlpf7wh20l-graalvm17-ce-22.3.0/lib/libjvmcicompiler.so
7fc3a7f6c000-7fc3a7f6d000 rw-p 00000000 00:00 0 
7fc3a7f6d000-7fc3a7f72000 rw-p 023c3000 00:ca7 4611686019135190040       /nix/store/gpxl5qgg8kicmcvivwmybwjlpf7wh20l-graalvm17-ce-22.3.0/lib/libjvmcicompiler.so
7fc3a8000000-7fc3a8021000 rw-p 00000000 00:00 0 
7fc3a8021000-7fc3ac000000 ---p 00000000 00:00 0 
7fc3ac000000-7fc3ac021000 rw-p 00000000 00:00 0 
7fc3ac021000-7fc3b0000000 ---p 00000000 00:00 0 
7fc3b0000000-7fc3b0021000 rw-p 00000000 00:00 0 
7fc3b0021000-7fc3b4000000 ---p 00000000 00:00 0 
7fc3b4000000-7fc3b4021000 rw-p 00000000 00:00 0 
7fc3b4021000-7fc3b8000000 ---p 00000000 00:00 0 
7fc3b8000000-7fc3b80d8000 rw-p 00000000 00:00 0 
7fc3b80d8000-7fc3bc000000 ---p 00000000 00:00 0 
7fc3bc000000-7fc3bcba8000 rw-p 00000000 00:00 0 
7fc3bcba8000-7fc3c0000000 ---p 00000000 00:00 0 
7fc3c0000000-7fc3c0021000 rw-p 00000000 00:00 0 
7fc3c0021000-7fc3c4000000 ---p 00000000 00:00 0 
7fc3c4000000-7fc3c4021000 rw-p 00000000 00:00 0 
7fc3c4021000-7fc3c8000000 ---p 00000000 00:00 0 
7fc3c8000000-7fc3c8021000 rw-p 00000000 00:00 0 
7fc3c8021000-7fc3cc000000 ---p 00000000 00:00 0 
7fc3cc000000-7fc3cc021000 rw-p 00000000 00:00 0 
7fc3cc021000-7fc3d0000000 ---p 00000000 00:00 0 
7fc3d0000000-7fc3d0036000 rw-p 00000000 00:00 0 
7fc3d0036000-7fc3d4000000 ---p 00000000 00:00 0 
7fc3d4000000-7fc3d4021000 rw-p 00000000 00:00 0 
7fc3d4021000-7fc3d8000000 ---p 00000000 00:00 0 
7fc3d8000000-7fc3d806d000 rw-p 00000000 00:00 0 
7fc3d806d000-7fc3dc000000 ---p 00000000 00:00 0 
7fc3dc000000-7fc3dc004000 ---p 00000000 00:00 0 
7fc3dc004000-7fc3dc100000 rw-p 00000000 00:00 0 
7fc3dce68000-7fc3dd300000 rw-p 00000000 00:00 0 
7fc3dd316000-7fc3dd317000 ---p 00000000 00:00 0 
7fc3dd317000-7fc3dd418000 rw-p 00000000 00:00 0 
7fc3dd418000-7fc3dd41c000 ---p 00000000 00:00 0 
7fc3dd41c000-7fc3dd518000 rw-p 00000000 00:00 0 
7fc3dd518000-7fc3dd51c000 ---p 00000000 00:00 0 
7fc3dd51c000-7fc3dd618000 rw-p 00000000 00:00 0 
7fc3dd618000-7fc3dd61c000 ---p 00000000 00:00 0 
7fc3dd61c000-7fc3dd718000 rw-p 00000000 00:00 0 
7fc3dd718000-7fc3dd71c000 ---p 00000000 00:00 0 
7fc3dd71c000-7fc3dd918000 rw-p 00000000 00:00 0 
7fc3dd918000-7fc3dd91c000 ---p 00000000 00:00 0 
7fc3dd91c000-7fc3ddb18000 rw-p 00000000 00:00 0 
7fc3ddb18000-7fc3ddb1c000 ---p 00000000 00:00 0 
7fc3ddb1c000-7fc3ddc18000 rw-p 00000000 00:00 0 
7fc3ddc18000-7fc3ddc1c000 ---p 00000000 00:00 0 
7fc3ddc1c000-7fc3ddd18000 rw-p 00000000 00:00 0 
7fc3ddd18000-7fc3ddd1c000 ---p 00000000 00:00 0 
7fc3ddd1c000-7fc3dde18000 rw-p 00000000 00:00 0 
7fc3dde18000-7fc3de0fe000 r--p 00000000 00:c79 28444448                  /usr/lib/locale/locale-archive
7fc3de0fe000-7fc3de102000 ---p 00000000 00:00 0 
7fc3de102000-7fc3de1fe000 rw-p 00000000 00:00 0 
7fc3de1fe000-7fc3de202000 ---p 00000000 00:00 0 
7fc3de202000-7fc3de2fe000 rw-p 00000000 00:00 0 
7fc3de2fe000-7fc3de2ff000 ---p 00000000 00:00 0 
7fc3de2ff000-7fc3de7f0000 rw-p 00000000 00:00 0 
7fc3de7f0000-7fc3deaf0000 rw-p 00000000 00:00 0 
7fc3deaf0000-7fc3dec00000 rw-p 00000000 00:00 0 
7fc3dec05000-7fc3dec09000 ---p 00000000 00:00 0 
7fc3dec09000-7fc3dec27000 rw-p 00000000 00:00 0 
7fc3dec27000-7fc3dec3c000 r-xp 00000000 00:ca7 4611686019135192570       /nix/store/gpxl5qgg8kicmcvivwmybwjlpf7wh20l-graalvm17-ce-22.3.0/lib/libnet.so
7fc3dec3c000-7fc3dec3d000 ---p 00015000 00:ca7 4611686019135192570       /nix/store/gpxl5qgg8kicmcvivwmybwjlpf7wh20l-graalvm17-ce-22.3.0/lib/libnet.so
7fc3dec3d000-7fc3dec3e000 r--p 00015000 00:ca7 4611686019135192570       /nix/store/gpxl5qgg8kicmcvivwmybwjlpf7wh20l-graalvm17-ce-22.3.0/lib/libnet.so
7fc3dec3e000-7fc3dec3f000 rw-p 00016000 00:ca7 4611686019135192570       /nix/store/gpxl5qgg8kicmcvivwmybwjlpf7wh20l-graalvm17-ce-22.3.0/lib/libnet.so
7fc3dec3f000-7fc3dec42000 rw-p 0001b000 00:ca7 4611686019135192570       /nix/store/gpxl5qgg8kicmcvivwmybwjlpf7wh20l-graalvm17-ce-22.3.0/lib/libnet.so
7fc3dec42000-7fc3dec55000 r-xp 00000000 00:ca7 4611686019135192571       /nix/store/gpxl5qgg8kicmcvivwmybwjlpf7wh20l-graalvm17-ce-22.3.0/lib/libnio.so
7fc3dec55000-7fc3dec56000 r--p 00012000 00:ca7 4611686019135192571       /nix/store/gpxl5qgg8kicmcvivwmybwjlpf7wh20l-graalvm17-ce-22.3.0/lib/libnio.so
7fc3dec56000-7fc3dec57000 rw-p 00013000 00:ca7 4611686019135192571       /nix/store/gpxl5qgg8kicmcvivwmybwjlpf7wh20l-graalvm17-ce-22.3.0/lib/libnio.so
7fc3dec57000-7fc3dec5c000 rw-p 00019000 00:ca7 4611686019135192571       /nix/store/gpxl5qgg8kicmcvivwmybwjlpf7wh20l-graalvm17-ce-22.3.0/lib/libnio.so
7fc3dec5c000-7fc3ded2a000 r-xp 00000000 00:ca7 4611686019135190036       /nix/store/gpxl5qgg8kicmcvivwmybwjlpf7wh20l-graalvm17-ce-22.3.0/lib/libjsvml.so
7fc3ded2a000-7fc3ded2b000 r--p 000cd000 00:ca7 4611686019135190036       /nix/store/gpxl5qgg8kicmcvivwmybwjlpf7wh20l-graalvm17-ce-22.3.0/lib/libjsvml.so
7fc3ded2b000-7fc3ded2c000 rw-p 000ce000 00:ca7 4611686019135190036       /nix/store/gpxl5qgg8kicmcvivwmybwjlpf7wh20l-graalvm17-ce-22.3.0/lib/libjsvml.so
7fc3ded2c000-7fc3df4b3000 rw-p 00000000 00:00 0 
7fc3df4b3000-7fc3df723000 rwxp 00000000 00:00 0 
7fc3df723000-7fc3dfa42000 ---p 00000000 00:00 0 
7fc3dfa42000-7fc3e0982000 rwxp 00000000 00:00 0 
7fc3e0982000-7fc3e6f7a000 ---p 00000000 00:00 0 
7fc3e6f7a000-7fc3e720a000 rwxp 00000000 00:00 0 
7fc3e720a000-7fc3ee4b3000 ---p 00000000 00:00 0 
7fc3ee4b3000-7fc3f8000000 r--s 00000000 00:ca7 4611686019135192581       /nix/store/gpxl5qgg8kicmcvivwmybwjlpf7wh20l-graalvm17-ce-22.3.0/lib/modules
7fc3f8000000-7fc3f8629000 rw-p 00000000 00:00 0 
7fc3f8629000-7fc3fc000000 ---p 00000000 00:00 0 
7fc3fc002000-7fc3fc004000 r-xp 00000000 00:ca7 4611686019135190017       /nix/store/gpxl5qgg8kicmcvivwmybwjlpf7wh20l-graalvm17-ce-22.3.0/lib/libextnet.so
7fc3fc004000-7fc3fc005000 r--p 00001000 00:ca7 4611686019135190017       /nix/store/gpxl5qgg8kicmcvivwmybwjlpf7wh20l-graalvm17-ce-22.3.0/lib/libextnet.so
7fc3fc005000-7fc3fc006000 rw-p 00002000 00:ca7 4611686019135190017       /nix/store/gpxl5qgg8kicmcvivwmybwjlpf7wh20l-graalvm17-ce-22.3.0/lib/libextnet.so
7fc3fc006000-7fc3fc007000 rw-p 00004000 00:ca7 4611686019135190017       /nix/store/gpxl5qgg8kicmcvivwmybwjlpf7wh20l-graalvm17-ce-22.3.0/lib/libextnet.so
7fc3fc007000-7fc3fc00e000 r-xp 00000000 00:ca7 4611686019135192580       /nix/store/gpxl5qgg8kicmcvivwmybwjlpf7wh20l-graalvm17-ce-22.3.0/lib/libzip.so
7fc3fc00e000-7fc3fc00f000 ---p 00007000 00:ca7 4611686019135192580       /nix/store/gpxl5qgg8kicmcvivwmybwjlpf7wh20l-graalvm17-ce-22.3.0/lib/libzip.so
7fc3fc00f000-7fc3fc010000 r--p 00007000 00:ca7 4611686019135192580       /nix/store/gpxl5qgg8kicmcvivwmybwjlpf7wh20l-graalvm17-ce-22.3.0/lib/libzip.so
7fc3fc010000-7fc3fc011000 rw-p 00008000 00:ca7 4611686019135192580       /nix/store/gpxl5qgg8kicmcvivwmybwjlpf7wh20l-graalvm17-ce-22.3.0/lib/libzip.so
7fc3fc011000-7fc3fc013000 rw-p 0000b000 00:ca7 4611686019135192580       /nix/store/gpxl5qgg8kicmcvivwmybwjlpf7wh20l-graalvm17-ce-22.3.0/lib/libzip.so
7fc3fc013000-7fc3fd164000 rw-p 00000000 00:00 0 
7fc3fd164000-7fc3fd165000 ---p 00000000 00:00 0 
7fc3fd165000-7fc3fd307000 rw-p 00000000 00:00 0 
7fc3fd307000-7fc3fd33c000 rw-p 00000000 00:00 0 
7fc3fd33c000-7fc3fd366000 ---p 00000000 00:00 0 
7fc3fd366000-7fc3fd36d000 rw-p 00000000 00:00 0 
7fc3fd36d000-7fc3fd452000 ---p 00000000 00:00 0 
7fc3fd452000-7fc3fd471000 rw-p 00000000 00:00 0 
7fc3fd471000-7fc3fd53d000 ---p 00000000 00:00 0 
7fc3fd53d000-7fc3fd542000 rw-p 00000000 00:00 0 
7fc3fd542000-7fc3fd549000 ---p 00000000 00:00 0 
7fc3fd549000-7fc3fd56d000 r-xp 00000000 00:ca7 4611686019135190028       /nix/store/gpxl5qgg8kicmcvivwmybwjlpf7wh20l-graalvm17-ce-22.3.0/lib/libjava.so
7fc3fd56d000-7fc3fd56e000 ---p 00024000 00:ca7 4611686019135190028       /nix/store/gpxl5qgg8kicmcvivwmybwjlpf7wh20l-graalvm17-ce-22.3.0/lib/libjava.so
7fc3fd56e000-7fc3fd56f000 r--p 00024000 00:ca7 4611686019135190028       /nix/store/gpxl5qgg8kicmcvivwmybwjlpf7wh20l-graalvm17-ce-22.3.0/lib/libjava.so
7fc3fd56f000-7fc3fd570000 rw-p 00025000 00:ca7 4611686019135190028       /nix/store/gpxl5qgg8kicmcvivwmybwjlpf7wh20l-graalvm17-ce-22.3.0/lib/libjava.so
7fc3fd570000-7fc3fd571000 rw-p 00000000 00:00 0 
7fc3fd571000-7fc3fd578000 rw-p 0002f000 00:ca7 4611686019135190028       /nix/store/gpxl5qgg8kicmcvivwmybwjlpf7wh20l-graalvm17-ce-22.3.0/lib/libjava.so
7fc3fd578000-7fc3fd580000 rw-s 00000000 00:c76 362                       /tmp/hsperfdata_runner/32
7fc3fd580000-7fc3fd581000 ---p 00000000 00:00 0 
7fc3fd581000-7fc3fd582000 r--p 00000000 00:00 0 
7fc3fd582000-7fc3fd583000 rwxp 00000000 00:00 0 
7fc3fd583000-7fc3fd59e000 r-xp 00000000 00:ca7 4611686019135190032       /nix/store/gpxl5qgg8kicmcvivwmybwjlpf7wh20l-graalvm17-ce-22.3.0/lib/libjimage.so
7fc3fd59e000-7fc3fd59f000 ---p 0001b000 00:ca7 4611686019135190032       /nix/store/gpxl5qgg8kicmcvivwmybwjlpf7wh20l-graalvm17-ce-22.3.0/lib/libjimage.so
7fc3fd59f000-7fc3fd5a1000 r--p 0001b000 00:ca7 4611686019135190032       /nix/store/gpxl5qgg8kicmcvivwmybwjlpf7wh20l-graalvm17-ce-22.3.0/lib/libjimage.so
7fc3fd5a1000-7fc3fd5a2000 rw-p 0001d000 00:ca7 4611686019135190032       /nix/store/gpxl5qgg8kicmcvivwmybwjlpf7wh20l-graalvm17-ce-22.3.0/lib/libjimage.so
7fc3fd5a2000-7fc3fd5a3000 rw-p 00024000 00:ca7 4611686019135190032       /nix/store/gpxl5qgg8kicmcvivwmybwjlpf7wh20l-graalvm17-ce-22.3.0/lib/libjimage.so
7fc3fd5a3000-7fc3fd5a7000 ---p 00000000 00:00 0 
7fc3fd5a7000-7fc3fd6a3000 rw-p 00000000 00:00 0 
7fc3fd6a3000-7fc3fd6b1000 r--p 00000000 00:ca7 4611686019027979927       /nix/store/4nlgxhb09sdr51nc9hdm8az5b08vzkgx-glibc-2.35-163/lib/libm.so.6
7fc3fd6b1000-7fc3fd724000 r-xp 0000e000 00:ca7 4611686019027979927       /nix/store/4nlgxhb09sdr51nc9hdm8az5b08vzkgx-glibc-2.35-163/lib/libm.so.6
7fc3fd724000-7fc3fd781000 r--p 00081000 00:ca7 4611686019027979927       /nix/store/4nlgxhb09sdr51nc9hdm8az5b08vzkgx-glibc-2.35-163/lib/libm.so.6
7fc3fd781000-7fc3fd782000 r--p 000dd000 00:ca7 4611686019027979927       /nix/store/4nlgxhb09sdr51nc9hdm8az5b08vzkgx-glibc-2.35-163/lib/libm.so.6
7fc3fd782000-7fc3fd783000 rw-p 000de000 00:ca7 4611686019027979927       /nix/store/4nlgxhb09sdr51nc9hdm8az5b08vzkgx-glibc-2.35-163/lib/libm.so.6
7fc3fd783000-7fc3fd784000 r--p 00000000 00:ca7 4611686019027979946       /nix/store/4nlgxhb09sdr51nc9hdm8az5b08vzkgx-glibc-2.35-163/lib/librt.so.1
7fc3fd784000-7fc3fd785000 r-xp 00001000 00:ca7 4611686019027979946       /nix/store/4nlgxhb09sdr51nc9hdm8az5b08vzkgx-glibc-2.35-163/lib/librt.so.1
7fc3fd785000-7fc3fd786000 r--p 00002000 00:ca7 4611686019027979946       /nix/store/4nlgxhb09sdr51nc9hdm8az5b08vzkgx-glibc-2.35-163/lib/librt.so.1
7fc3fd786000-7fc3fd787000 r--p 00002000 00:ca7 4611686019027979946       /nix/store/4nlgxhb09sdr51nc9hdm8az5b08vzkgx-glibc-2.35-163/lib/librt.so.1
7fc3fd787000-7fc3fd788000 rw-p 00003000 00:ca7 4611686019027979946       /nix/store/4nlgxhb09sdr51nc9hdm8az5b08vzkgx-glibc-2.35-163/lib/librt.so.1
7fc3fd788000-7fc3fe89b000 r-xp 00000000 00:ca7 4611686019135360866       /nix/store/gpxl5qgg8kicmcvivwmybwjlpf7wh20l-graalvm17-ce-22.3.0/lib/server/libjvm.so
7fc3fe89b000-7fc3fe89c000 ---p 01113000 00:ca7 4611686019135360866       /nix/store/gpxl5qgg8kicmcvivwmybwjlpf7wh20l-graalvm17-ce-22.3.0/lib/server/libjvm.so
7fc3fe89c000-7fc3fe951000 r--p 01113000 00:ca7 4611686019135360866       /nix/store/gpxl5qgg8kicmcvivwmybwjlpf7wh20l-graalvm17-ce-22.3.0/lib/server/libjvm.so
7fc3fe951000-7fc3fe985000 rw-p 011c8000 00:ca7 4611686019135360866       /nix/store/gpxl5qgg8kicmcvivwmybwjlpf7wh20l-graalvm17-ce-22.3.0/lib/server/libjvm.so
7fc3fe985000-7fc3fe9e1000 rw-p 00000000 00:00 0 
7fc3fe9e1000-7fc3fea09000 r--p 00000000 00:ca7 4611686019027979918       /nix/store/4nlgxhb09sdr51nc9hdm8az5b08vzkgx-glibc-2.35-163/lib/libc.so.6
7fc3fea09000-7fc3feb7f000 r-xp 00028000 00:ca7 4611686019027979918       /nix/store/4nlgxhb09sdr51nc9hdm8az5b08vzkgx-glibc-2.35-163/lib/libc.so.6
7fc3feb7f000-7fc3febd7000 r--p 0019e000 00:ca7 4611686019027979918       /nix/store/4nlgxhb09sdr51nc9hdm8az5b08vzkgx-glibc-2.35-163/lib/libc.so.6
7fc3febd7000-7fc3febdb000 r--p 001f6000 00:ca7 4611686019027979918       /nix/store/4nlgxhb09sdr51nc9hdm8az5b08vzkgx-glibc-2.35-163/lib/libc.so.6
7fc3febdb000-7fc3febdd000 rw-p 001fa000 00:ca7 4611686019027979918       /nix/store/4nlgxhb09sdr51nc9hdm8az5b08vzkgx-glibc-2.35-163/lib/libc.so.6
7fc3febdd000-7fc3febec000 rw-p 00000000 00:00 0 
7fc3febec000-7fc3febed000 r--p 00000000 00:ca7 4611686019027979923       /nix/store/4nlgxhb09sdr51nc9hdm8az5b08vzkgx-glibc-2.35-163/lib/libdl.so.2
7fc3febed000-7fc3febee000 r-xp 00001000 00:ca7 4611686019027979923       /nix/store/4nlgxhb09sdr51nc9hdm8az5b08vzkgx-glibc-2.35-163/lib/libdl.so.2
7fc3febee000-7fc3febef000 r--p 00002000 00:ca7 4611686019027979923       /nix/store/4nlgxhb09sdr51nc9hdm8az5b08vzkgx-glibc-2.35-163/lib/libdl.so.2
7fc3febef000-7fc3febf0000 r--p 00002000 00:ca7 4611686019027979923       /nix/store/4nlgxhb09sdr51nc9hdm8az5b08vzkgx-glibc-2.35-163/lib/libdl.so.2
7fc3febf0000-7fc3febf1000 rw-p 00003000 00:ca7 4611686019027979923       /nix/store/4nlgxhb09sdr51nc9hdm8az5b08vzkgx-glibc-2.35-163/lib/libdl.so.2
7fc3febf1000-7fc3febf2000 r--p 00000000 00:ca7 4611686019027979942       /nix/store/4nlgxhb09sdr51nc9hdm8az5b08vzkgx-glibc-2.35-163/lib/libpthread.so.0
7fc3febf2000-7fc3febf3000 r-xp 00001000 00:ca7 4611686019027979942       /nix/store/4nlgxhb09sdr51nc9hdm8az5b08vzkgx-glibc-2.35-163/lib/libpthread.so.0
7fc3febf3000-7fc3febf4000 r--p 00002000 00:ca7 4611686019027979942       /nix/store/4nlgxhb09sdr51nc9hdm8az5b08vzkgx-glibc-2.35-163/lib/libpthread.so.0
7fc3febf4000-7fc3febf5000 r--p 00002000 00:ca7 4611686019027979942       /nix/store/4nlgxhb09sdr51nc9hdm8az5b08vzkgx-glibc-2.35-163/lib/libpthread.so.0
7fc3febf5000-7fc3febf6000 rw-p 00003000 00:ca7 4611686019027979942       /nix/store/4nlgxhb09sdr51nc9hdm8az5b08vzkgx-glibc-2.35-163/lib/libpthread.so.0
7fc3febf6000-7fc3fec04000 r-xp 00000000 00:ca7 4611686019135190033       /nix/store/gpxl5qgg8kicmcvivwmybwjlpf7wh20l-graalvm17-ce-22.3.0/lib/libjli.so
7fc3fec04000-7fc3fec05000 ---p 0000e000 00:ca7 4611686019135190033       /nix/store/gpxl5qgg8kicmcvivwmybwjlpf7wh20l-graalvm17-ce-22.3.0/lib/libjli.so
7fc3fec05000-7fc3fec06000 r--p 0000e000 00:ca7 4611686019135190033       /nix/store/gpxl5qgg8kicmcvivwmybwjlpf7wh20l-graalvm17-ce-22.3.0/lib/libjli.so
7fc3fec06000-7fc3fec07000 rw-p 0000f000 00:ca7 4611686019135190033       /nix/store/gpxl5qgg8kicmcvivwmybwjlpf7wh20l-graalvm17-ce-22.3.0/lib/libjli.so
7fc3fec07000-7fc3fec08000 rw-p 00012000 00:ca7 4611686019135190033       /nix/store/gpxl5qgg8kicmcvivwmybwjlpf7wh20l-graalvm17-ce-22.3.0/lib/libjli.so
7fc3fec08000-7fc3fec0b000 r--p 00000000 00:ca7 4611686019106210071       /nix/store/026hln0aq1hyshaxsdvhg0kmcm6yf45r-zlib-1.2.13/lib/libz.so.1.2.13
7fc3fec0b000-7fc3fec1d000 r-xp 00003000 00:ca7 4611686019106210071       /nix/store/026hln0aq1hyshaxsdvhg0kmcm6yf45r-zlib-1.2.13/lib/libz.so.1.2.13
7fc3fec1d000-7fc3fec24000 r--p 00015000 00:ca7 4611686019106210071       /nix/store/026hln0aq1hyshaxsdvhg0kmcm6yf45r-zlib-1.2.13/lib/libz.so.1.2.13
7fc3fec24000-7fc3fec25000 r--p 0001b000 00:ca7 4611686019106210071       /nix/store/026hln0aq1hyshaxsdvhg0kmcm6yf45r-zlib-1.2.13/lib/libz.so.1.2.13
7fc3fec25000-7fc3fec26000 rw-p 0001c000 00:ca7 4611686019106210071       /nix/store/026hln0aq1hyshaxsdvhg0kmcm6yf45r-zlib-1.2.13/lib/libz.so.1.2.13
7fc3fec26000-7fc3fec28000 rw-p 00000000 00:00 0 
7fc3fec28000-7fc3fec2a000 r--p 00000000 00:ca7 4611686019027979912       /nix/store/4nlgxhb09sdr51nc9hdm8az5b08vzkgx-glibc-2.35-163/lib/ld-linux-x86-64.so.2
7fc3fec2a000-7fc3fec51000 r-xp 00002000 00:ca7 4611686019027979912       /nix/store/4nlgxhb09sdr51nc9hdm8az5b08vzkgx-glibc-2.35-163/lib/ld-linux-x86-64.so.2
7fc3fec51000-7fc3fec5d000 r--p 00029000 00:ca7 4611686019027979912       /nix/store/4nlgxhb09sdr51nc9hdm8az5b08vzkgx-glibc-2.35-163/lib/ld-linux-x86-64.so.2
7fc3fec5d000-7fc3fec5f000 r--p 00034000 00:ca7 4611686019027979912       /nix/store/4nlgxhb09sdr51nc9hdm8az5b08vzkgx-glibc-2.35-163/lib/ld-linux-x86-64.so.2
7fc3fec5f000-7fc3fec61000 rw-p 00036000 00:ca7 4611686019027979912       /nix/store/4nlgxhb09sdr51nc9hdm8az5b08vzkgx-glibc-2.35-163/lib/ld-linux-x86-64.so.2
7ffdfaee7000-7ffdfaf0b000 rw-p 00000000 00:00 0                          [stack]
7ffdfaf64000-7ffdfaf68000 r--p 00000000 00:00 0                          [vvar]
7ffdfaf68000-7ffdfaf6a000 r-xp 00000000 00:00 0                          [vdso]
ffffffffff600000-ffffffffff601000 --xp 00000000 00:00 0                  [vsyscall]


VM Arguments:
jvm_args: -XX:ThreadPriorityPolicy=1 -XX:+UnlockExperimentalVMOptions -XX:+EnableJVMCIProduct -XX:JVMCIThreadsPerNativeLibraryRuntime=1 -XX:-UnlockExperimentalVMOptions -Declipse.application=org.eclipse.jdt.ls.core.id1 -Dosgi.bundles.defaultStartLevel=4 -Declipse.product=org.eclipse.jdt.ls.core.product -Dlog.level=ALL -Xverify:none -XX:+UseParallelGC -XX:GCTimeRatio=4 -XX:AdaptiveSizePolicyWeight=90 -Dsun.zip.disableMemoryMapping=true -Xmx512m -Xms100m 
java_command: /nix/store/a7s9klvriqi68xz3qjc0qyfl5h86xc16-jdt-language-server-1.9.0/share/java/plugins/org.eclipse.equinox.launcher_1.6.400.v20210924-0641.jar --add-modules=ALL-SYSTEM --add-opens java.base/java.util=ALL-UNNAMED --add-opens java.base/java.lang=ALL-UNNAMED -configuration /home/runner/.cache/jdt-language-server/config -data /home/runner/.cache/jdt-language-server/data/home/runner/AnoTo
java_class_path (initial): /nix/store/a7s9klvriqi68xz3qjc0qyfl5h86xc16-jdt-language-server-1.9.0/share/java/plugins/org.eclipse.equinox.launcher_1.6.400.v20210924-0641.jar
Launcher Type: SUN_STANDARD

[Global flags]
    uintx AdaptiveSizePolicyWeight                 = 90                                        {product} {command line}
     intx CICompilerCount                          = 2                                         {product} {ergonomic}
     bool EnableJVMCIProduct                       = true                                {JVMCI product} {jimage}
    uintx GCTimeRatio                              = 4                                         {product} {command line}
   size_t InitialHeapSize                          = 104857600                                 {product} {command line}
     uint JVMCIThreadsPerNativeLibraryRuntime      = 1                                   {JVMCI product} {jimage}
   size_t MaxHeapSize                              = 536870912                                 {product} {command line}
   size_t MaxNewSize                               = 178782208                                 {product} {ergonomic}
   size_t MinHeapDeltaBytes                        = 524288                                    {product} {ergonomic}
   size_t MinHeapSize                              = 104857600                                 {product} {command line}
   size_t NewSize                                  = 34603008                                  {product} {ergonomic}
    uintx NonNMethodCodeHeapSize                   = 5826188                                {pd product} {ergonomic}
    uintx NonProfiledCodeHeapSize                  = 122916026                              {pd product} {ergonomic}
   size_t OldSize                                  = 70254592                                  {product} {ergonomic}
    uintx ProfiledCodeHeapSize                     = 122916026                              {pd product} {ergonomic}
    uintx ReservedCodeCacheSize                    = 251658240                              {pd product} {ergonomic}
     bool SegmentedCodeCache                       = true                                      {product} {ergonomic}
   size_t SoftMaxHeapSize                          = 536870912                              {manageable} {ergonomic}
     intx ThreadPriorityPolicy                     = 1                                         {product} {jimage}
     bool UseCompressedClassPointers               = true                           {product lp64_product} {ergonomic}
     bool UseCompressedOops                        = true                           {product lp64_product} {ergonomic}
     bool UseParallelGC                            = true                                      {product} {command line}

Logging:
Log output configuration:
 #0: stdout all=warning uptime,level,tags
 #1: stderr all=off uptime,level,tags

Environment Variables:
JAVA_HOME=/nix/store/gpxl5qgg8kicmcvivwmybwjlpf7wh20l-graalvm17-ce-22.3.0
PATH=/nix/store/1d6ian3r8kdzspw8hacjhl3xkp40g1lj-binutils-wrapper-2.39/bin:/nix/store/dq0xwmsk1g0i2ayg6pb7y87na2knzylh-gcc-wrapper-11.3.0/bin:/nix/store/bap4d0lpcrhpwmpb8ayjcgkmvfj62lnq-bash-interactive-5.1-p16/bin:/nix/store/pr5n59mb4jzmfx6kanwxly0l07p861fg-patchelf-0.15.0/bin:/nix/store/1gf2flfqnpqbr1b4p4qz2f72y42bs56r-gcc-11.3.0/bin:/nix/store/57xv61c5zi8pphjbcwxxjlgc34p61ic9-glibc-2.35-163-bin/bin:/nix/store/a7gvj343m05j2s32xcnwr35v31ynlypr-coreutils-9.1/bin:/nix/store/039g378vc3pc3dvi9dzdlrd0i4q93qwf-binutils-2.39/bin:/nix/store/gpxl5qgg8kicmcvivwmybwjlpf7wh20l-graalvm17-ce-22.3.0/bin:/nix/store/6z9ag3ihc8mq2hzsw48lhbznvzny65nz-apache-maven-3.8.6/bin:/nix/store/a7s9klvriqi68xz3qjc0qyfl5h86xc16-jdt-language-server-1.9.0/bin:/nix/store/48ifl2w60a3zp7yskbpnvn8jp9jdsb7k-java-debug/bin:/nix/store/mydc6f4k2z73xlcz7ilif3v2lcaiqvza-findutils-4.9.0/bin:/nix/store/j9p3g8472iijd50vhdprx0nmk2fqn5gv-diffutils-3.8/bin:/nix/store/89zs7rms6x00xfq4dq6m7mjnhkr8a6r4-gnused-4.8/bin:/nix/store/86bp03jkmsl6f92w0yzg4s59g5mhxwmy-gnugrep-3.7/bin:/nix/store/hwcdqw4jrjnd37wxqgsd47hd0j8bnj09-gawk-5.1.1/bin:/nix/store/cfbhw8r8ags41vwqaz47r583d0p4h4a1-gnutar-1.34/bin:/nix/store/p3m1ndl1lapwrlh698bnb5lvvxh67378-gzip-1.12/bin:/nix/store/a8mhcagrsly7c7mpjrpsnaahk4aax056-bzip2-1.0.8-bin/bin:/nix/store/mblgz65m3zv9x548a3d5m96fj2pbwr09-gnumake-4.3/bin:/nix/store/dsd5gz46hdbdk2rfdimqddhq6m8m8fqs-bash-5.1-p16/bin:/nix/store/v7ljksji50mg3w61dykaa3n3y79n6nil-patch-2.7.6/bin:/nix/store/zlcnmqq14jz5x9439jf937mvayyl63da-xz-5.2.7-bin/bin:/nix/store/y6aj732zm9m87c82fpvf103a1xb22blp-file-5.43/bin:/nix/store/i4kzir3m7mrisxmf5xvlnkw01x4qaqr4-prybar-elisp-0.0.0-e0d9a52/bin:/nix/store/lwwivxf6h7x3cvxp9zv8sj0mv7dak99r-prybar-lua-0.0.0-e0d9a52/bin:/nix/store/gxj28g1cg4hq3qanmjv07156h800qr58-prybar-python3-0.0.0-e0d9a52/bin:/nix/store/hshkjnxrgidigf8x75vg6lqng2xlx9i3-prybar-sqlite-0.0.0-e0d9a52/bin:/nix/store/c4w01bpjgyy5ixmwdk8m1pw87zq4sl26-prybar-tcl-0.0.0-e0d9a52/bin:/nix/store/hpbvrlwd5viqmvcaisb3x0118i913a9n-st
LD_LIBRARY_PATH=/nix/store/a4pff549sk2idnkpzk5nsfps3mdkdnvm-cups-2.4.2-lib/lib:/nix/store/72mqxxhh3cy5yifh92wh2yb8cl2hikyy-cairo-1.16.0/lib:/nix/store/2k366jrbsra97gjfxwvrhvixjfxdach5-glib-2.74.1/lib:/nix/store/2j2znigd8ak37rlwh9khz0ry3clqlw1l-gtk+3-3.24.34/lib:/nix/store/hisqvx32cd57apbpcsnkpx6k3549wql1-libglvnd-1.4.0/lib:/nix/store/p36pgcv991mq5srvg765b78yqpxvk3qs-mesa-21.3.3-drivers/lib:/nix/store/mav4251if1ahjq5vkpwycyyvnmy459c4-pulseaudio-14.2/lib
DISPLAY=:0
LANG=en_US.UTF-8

Signal Handlers:
   SIGSEGV: crash_handler in libjvm.so, mask=11100100010111111101111111111110, flags=SA_RESTART|SA_SIGINFO
    SIGBUS: crash_handler in libjvm.so, mask=11100100010111111101111111111110, flags=SA_RESTART|SA_SIGINFO
    SIGFPE: crash_handler in libjvm.so, mask=11100100010111111101111111111110, flags=SA_RESTART|SA_SIGINFO
   SIGPIPE: IsolateEnterStub_IgnoreSIGPIPEStartupHook_noopSignalHandler_8f19bff2f35b5f630d83b364d6b2339320d4ec70_216e8361c6bc87a8f89f58cc10d3b2fd4415bf87 in libjvmcicompiler.so, mask=00000000000000000000000000000000, flags=SA_RESTART
  *** Handler was modified!
  *** Expected: javaSignalHandler in libjvm.so, mask=11100100110111111111111111111110, flags=SA_RESTART|SA_SIGINFO
   SIGXFSZ: javaSignalHandler in libjvm.so, mask=11100100010111111101111111111110, flags=SA_RESTART|SA_SIGINFO
    SIGILL: crash_handler in libjvm.so, mask=11100100010111111101111111111110, flags=SA_RESTART|SA_SIGINFO
   SIGUSR2: SR_handler in libjvm.so, mask=00000000000000000000000000000000, flags=SA_RESTART|SA_SIGINFO
    SIGHUP: UserHandler in libjvm.so, mask=11100100010111111101111111111110, flags=SA_RESTART|SA_SIGINFO
    SIGINT: UserHandler in libjvm.so, mask=11100100010111111101111111111110, flags=SA_RESTART|SA_SIGINFO
   SIGTERM: UserHandler in libjvm.so, mask=11100100010111111101111111111110, flags=SA_RESTART|SA_SIGINFO
   SIGQUIT: UserHandler in libjvm.so, mask=11100100010111111101111111111110, flags=SA_RESTART|SA_SIGINFO
  *** Handler was modified!
  *** Expected: javaSignalHandler in libjvm.so, mask=11100100110111111111111111111110, flags=SA_RESTART|SA_SIGINFO
   SIGTRAP: crash_handler in libjvm.so, mask=11100100010111111101111111111110, flags=SA_RESTART|SA_SIGINFO


---------------  S Y S T E M  ---------------

OS:
DISTRIB_ID=Ubuntu
DISTRIB_RELEASE=20.04
DISTRIB_CODENAME=focal
DISTRIB_DESCRIPTION="Ubuntu 20.04.2 LTS"
uname: Linux 6.2.0-1014-gcp #14~22.04.1-Ubuntu SMP Mon Sep 11 07:44:43 UTC 2023 x86_64
OS uptime: 0 days 1:47 hours
libc: glibc 2.35 NPTL 2.35 
rlimit (soft/hard): STACK 8192k/infinity , CORE infinity/infinity , NPROC infinity/infinity , NOFILE 5242/5242 , AS infinity/infinity , CPU infinity/infinity , DATA infinity/infinity , FSIZE infinity/infinity , MEMLOCK 8192k/8192k
load average: 12.99 15.55 16.35

/proc/meminfo:
MemTotal:       65835948 kB
MemFree:        34319980 kB
MemAvailable:   47413040 kB
Buffers:         1993896 kB
Cached:         10813300 kB
SwapCached:            0 kB
Active:          6319392 kB
Inactive:       23090088 kB
Active(anon):      12680 kB
Inactive(anon): 16551020 kB
Active(file):    6306712 kB
Inactive(file):  6539068 kB
Unevictable:       29204 kB
Mlocked:           29204 kB
SwapTotal:             0 kB
SwapFree:              0 kB
Zswap:                 0 kB
Zswapped:              0 kB
Dirty:              4616 kB
Writeback:             0 kB
AnonPages:      16495468 kB
Mapped:          1567084 kB
Shmem:             59340 kB
KReclaimable:     973732 kB
Slab:            1429884 kB
SReclaimable:     973732 kB
SUnreclaim:       456152 kB
KernelStack:      134660 kB
PageTables:       203648 kB
SecPageTables:         0 kB
NFS_Unstable:          0 kB
Bounce:                0 kB
WritebackTmp:          0 kB
CommitLimit:    32917972 kB
Committed_AS:   50331596 kB
VmallocTotal:   34359738367 kB
VmallocUsed:      161168 kB
VmallocChunk:          0 kB
Percpu:            24992 kB
HardwareCorrupted:     0 kB
AnonHugePages:   3547136 kB
ShmemHugePages:        0 kB
ShmemPmdMapped:        0 kB
FileHugePages:         0 kB
FilePmdMapped:         0 kB
HugePages_Total:       0
HugePages_Free:        0
HugePages_Rsvd:        0
HugePages_Surp:        0
Hugepagesize:       2048 kB
Hugetlb:               0 kB
DirectMap4k:      244536 kB
DirectMap2M:     9189376 kB
DirectMap1G:    59768832 kB

/sys/kernel/mm/transparent_hugepage/enabled: always [madvise] never
/sys/kernel/mm/transparent_hugepage/defrag (defrag/compaction efforts parameter): always defer defer+madvise [madvise] never

Process Memory:
Virtual Size: 4788860K (peak: 4874044K)
Resident Set Size: 778536K (peak: 801652K) (anon: 580532K, file: 198004K, shmem: 0K)
Swapped out: 0K
C-Heap outstanding allocations: 42435K, retained: 11640K
glibc malloc tunables: (default)

/proc/sys/kernel/threads-max (system-wide limit on the number of threads): 514278
/proc/sys/vm/max_map_count (maximum number of memory map areas a process may have): 65530
/proc/sys/kernel/pid_max (system-wide limit on number of process identifiers): 4194304

container (cgroup) information:
container_type: cgroupv2
cpu_cpuset_cpus: not supported
cpu_memory_nodes: not supported
active_processor_count: 1
cpu_quota: 50000
cpu_period: 100000
cpu_shares: no shares
memory_limit_in_bytes: 1048576 k
memory_and_swap_limit_in_bytes: unlimited
memory_soft_limit_in_bytes: 524288 k
memory_usage_in_bytes: 641256 k
memory_max_usage_in_bytes: not supported
maximum number of tasks: not supported
current number of tasks: not supported

KVM virtualization detected
Steal ticks since vm start: 10156
Steal ticks percentage since vm start:  0.011

CPU: total 8 (initial active 1) (8 cores per cpu, 2 threads per core) family 23 model 49 stepping 0 microcode 0xffffffff, cx8, cmov, fxsr, ht, mmx, 3dnowpref, sse, sse2, sse3, ssse3, sse4a, sse4.1, sse4.2, popcnt, lzcnt, tsc, tscinvbit, avx, avx2, aes, clmul, bmi1, bmi2, adx, sha, fma, vzeroupper, clflush, clflushopt, hv
CPU Model and flags from /proc/cpuinfo:
model name	: AMD EPYC 7B12
flags		: fpu vme de pse tsc msr pae mce cx8 apic sep mtrr pge mca cmov pat pse36 clflush mmx fxsr sse sse2 ht syscall nx mmxext fxsr_opt pdpe1gb rdtscp lm constant_tsc rep_good nopl nonstop_tsc cpuid extd_apicid tsc_known_freq pni pclmulqdq ssse3 fma cx16 sse4_1 sse4_2 movbe popcnt aes xsave avx f16c rdrand hypervisor lahf_lm cmp_legacy cr8_legacy abm sse4a misalignsse 3dnowprefetch osvw topoext ssbd ibrs ibpb stibp vmmcall fsgsbase tsc_adjust bmi1 avx2 smep bmi2 rdseed adx smap clflushopt clwb sha_ni xsaveopt xsavec xgetbv1 clzero xsaveerptr arat npt nrip_save umip rdpid

Online cpus: 0-7
Offline cpus: 
BIOS frequency limitation: <Not Available>
Frequency switch latency (ns): <Not Available>
Available cpu frequencies: <Not Available>
Current governor: <Not Available>
Core performance/turbo boost: <Not Available>

Memory: 4k page, physical 1048576k(407284k free), swap 0k(0k free)
Page Sizes: 4k

vm_info: OpenJDK 64-Bit Server VM (17.0.5+8-jvmci-22.3-b08) for linux-amd64 JRE (17.0.5+8-jvmci-22.3-b08), built on Oct 19 2022 09:01:27 by "buildslave" with gcc 10.3.0

END.
